2021-01-05 01:50:34.948 [TestNG-test=Test-2] INFO  e2e_tests.ValidationTest - Opening landing page...
2021-01-05 01:50:39.407 [TestNG-test=Test-1] DEBUG e2e_tests.NavigationTest - Driver initialised
2021-01-05 01:50:39.424 [TestNG-test=Test-1] INFO  e2e_tests.NavigationTest - Opening landing page...
2021-01-05 01:51:14.156 [TestNG-test=Test-2] DEBUG e2e_tests.ValidationTest - Landing page opened
2021-01-05 01:51:14.190 [TestNG-test=Test-2] INFO  e2e_tests.ValidationTest - Waiting three seconds for landing page login button...
2021-01-05 01:51:17.201 [TestNG-test=Test-2] INFO  e2e_tests.ValidationTest - Carrying out validation on text in course heading...
2021-01-05 01:52:20.661 [TestNG-test=Test-2] DEBUG e2e_tests.ValidationTest - Landing page login button clicked
2021-01-05 01:52:20.673 [TestNG-test=Test-2] INFO  e2e_tests.ValidationTest - Carrying out validation to check "Create an Account" link is displayed...
2021-01-05 01:52:21.675 [TestNG-test=Test-2] DEBUG e2e_tests.ValidationTest - Login page email entered
2021-01-05 01:52:22.232 [TestNG-test=Test-2] DEBUG e2e_tests.ValidationTest - Login page password entered
2021-01-05 01:52:27.379 [TestNG-test=Test-2] DEBUG e2e_tests.ValidationTest - Login page login button clicked
2021-01-05 01:52:27.413 [TestNG-test=Test-2] INFO  e2e_tests.ValidationTest - Tearing down driver...
2021-01-05 01:52:38.051 [TestNG-test=Test-1] DEBUG e2e_tests.NavigationTest - Landing page opened
2021-01-05 01:52:38.051 [TestNG-test=Test-1] INFO  e2e_tests.NavigationTest - Waiting three seconds for landing page login button...
2021-01-05 01:52:38.430 [TestNG-test=Test-2] DEBUG e2e_tests.ValidationTest - Driver torn down
2021-01-05 01:52:52.074 [TestNG-test=Test-1] DEBUG e2e_tests.NavigationTest - Landing page login button clicked
2021-01-05 01:52:52.672 [TestNG-test=Test-1] DEBUG e2e_tests.NavigationTest - Login page email entered
2021-01-05 01:52:53.204 [TestNG-test=Test-1] DEBUG e2e_tests.NavigationTest - Login page password entered
2021-01-05 01:52:54.656 [TestNG-test=Test-1] DEBUG e2e_tests.NavigationTest - Login page login button clicked
2021-01-05 01:52:54.669 [TestNG-test=Test-1] INFO  e2e_tests.NavigationTest - Tearing down driver...
2021-01-05 01:52:56.359 [TestNG-test=Test-1] DEBUG e2e_tests.NavigationTest - Driver torn down
2021-01-05 01:52:56.361 [TestNG-test=Test-1] INFO  e2e_tests.NavigationTest - Initialising driver...
2021-01-05 01:53:02.258 [TestNG-test=Test-1] DEBUG e2e_tests.NavigationTest - Driver initialised
2021-01-05 01:53:02.264 [TestNG-test=Test-1] INFO  e2e_tests.NavigationTest - Opening landing page...
2021-01-05 01:53:17.702 [TestNG-test=Test-1] DEBUG e2e_tests.NavigationTest - Landing page opened
2021-01-05 01:53:17.703 [TestNG-test=Test-1] INFO  e2e_tests.NavigationTest - Waiting three seconds for landing page login button...
2021-01-05 01:53:34.005 [TestNG-test=Test-1] DEBUG e2e_tests.NavigationTest - Landing page login button clicked
2021-01-05 01:53:34.645 [TestNG-test=Test-1] DEBUG e2e_tests.NavigationTest - Login page email entered
2021-01-05 01:53:35.219 [TestNG-test=Test-1] DEBUG e2e_tests.NavigationTest - Login page password entered
2021-01-05 01:53:39.906 [TestNG-test=Test-1] DEBUG e2e_tests.NavigationTest - Login page login button clicked
2021-01-05 01:53:39.913 [TestNG-test=Test-1] INFO  e2e_tests.NavigationTest - Tearing down driver...
2021-01-05 01:53:42.371 [TestNG-test=Test-1] DEBUG e2e_tests.NavigationTest - Driver torn down
2021-01-05 21:25:49.203 [main] INFO  e2e_tests.NavigationTest - Initialising driver...
2021-01-05 21:25:49.476 [main] INFO  e2e_tests.NavigationTest - Initialising driver...
2021-01-05 21:25:49.524 [main] INFO  e2e_tests.NavigationTest - Initialising driver...
2021-01-05 21:25:49.550 [main] INFO  e2e_tests.NavigationTest - Initialising driver...
2021-01-05 21:28:52.298 [main] INFO  e2e_tests.NavigationTest - Initialising driver...
2021-01-05 21:29:04.602 [main] DEBUG e2e_tests.NavigationTest - Driver initialised
2021-01-05 21:29:04.603 [main] INFO  e2e_tests.NavigationTest - Opening landing page...
2021-01-05 21:29:26.512 [main] DEBUG e2e_tests.NavigationTest - Landing page opened
2021-01-05 21:29:42.785 [main] DEBUG e2e_tests.NavigationTest - Landing page login button clicked
2021-01-05 21:29:43.410 [main] DEBUG e2e_tests.NavigationTest - Login page email entered
2021-01-05 21:29:44.002 [main] DEBUG e2e_tests.NavigationTest - Login page password entered
2021-01-05 21:29:49.648 [main] DEBUG e2e_tests.NavigationTest - Login page login button clicked
2021-01-05 21:29:49.650 [main] INFO  e2e_tests.NavigationTest - Tearing down driver...
2021-01-05 21:29:52.173 [main] DEBUG e2e_tests.NavigationTest - Driver torn down
2021-01-05 21:29:52.212 [main] INFO  e2e_tests.NavigationTest - Initialising driver...
2021-01-05 21:30:00.401 [main] DEBUG e2e_tests.NavigationTest - Driver initialised
2021-01-05 21:30:00.403 [main] INFO  e2e_tests.NavigationTest - Opening landing page...
2021-01-05 21:30:14.289 [main] DEBUG e2e_tests.NavigationTest - Landing page opened
2021-01-05 21:30:28.908 [main] DEBUG e2e_tests.NavigationTest - Landing page login button clicked
2021-01-05 21:30:29.487 [main] DEBUG e2e_tests.NavigationTest - Login page email entered
2021-01-05 21:30:30.086 [main] DEBUG e2e_tests.NavigationTest - Login page password entered
2021-01-05 21:30:33.801 [main] DEBUG e2e_tests.NavigationTest - Login page login button clicked
2021-01-05 21:30:33.802 [main] INFO  e2e_tests.NavigationTest - Tearing down driver...
2021-01-05 21:30:35.401 [main] DEBUG e2e_tests.NavigationTest - Driver torn down
2021-01-05 21:30:35.432 [main] INFO  e2e_tests.NavigationTest - Initialising driver...
2021-01-05 21:30:41.882 [main] DEBUG e2e_tests.NavigationTest - Driver initialised
2021-01-05 21:30:41.883 [main] INFO  e2e_tests.NavigationTest - Opening landing page...
2021-01-05 21:30:55.658 [main] DEBUG e2e_tests.NavigationTest - Landing page opened
2021-01-05 21:30:55.662 [main] INFO  e2e_tests.NavigationTest - Carrying out validation on Featured Courses header in landing page...
2021-01-05 21:30:55.872 [main] INFO  e2e_tests.NavigationTest - Initialising driver...
2021-01-05 21:31:03.003 [main] DEBUG e2e_tests.NavigationTest - Driver initialised
2021-01-05 21:31:03.004 [main] INFO  e2e_tests.NavigationTest - Opening landing page...
2021-01-05 21:32:03.057 [main] DEBUG e2e_tests.NavigationTest - Landing page opened
2021-01-05 21:36:21.911 [main] INFO  e2e_tests.NavigationTest - Initialising driver...
2021-01-05 21:36:32.815 [main] DEBUG e2e_tests.NavigationTest - Driver initialised
2021-01-05 21:36:32.816 [main] INFO  e2e_tests.NavigationTest - Opening landing page...
2021-01-05 21:36:48.664 [main] DEBUG e2e_tests.NavigationTest - Landing page opened
2021-01-05 21:36:51.118 [main] INFO  e2e_tests.NavigationTest - Initialising driver...
2021-01-05 21:36:58.236 [main] DEBUG e2e_tests.NavigationTest - Driver initialised
2021-01-05 21:36:58.236 [main] INFO  e2e_tests.NavigationTest - Opening landing page...
2021-01-05 21:37:10.694 [main] DEBUG e2e_tests.NavigationTest - Landing page opened
2021-01-05 21:37:29.275 [main] DEBUG e2e_tests.NavigationTest - Landing page login button clicked
2021-01-05 21:37:31.544 [main] DEBUG e2e_tests.NavigationTest - Login page email entered
2021-01-05 21:37:32.153 [main] DEBUG e2e_tests.NavigationTest - Login page password entered
2021-01-05 21:37:36.701 [main] DEBUG e2e_tests.NavigationTest - Login page login button clicked
2021-01-05 21:37:36.702 [main] INFO  e2e_tests.NavigationTest - Tearing down driver...
2021-01-05 21:37:58.121 [main] DEBUG e2e_tests.NavigationTest - Driver torn down
2021-01-05 21:37:58.164 [main] INFO  e2e_tests.NavigationTest - Initialising driver...
2021-01-05 21:38:05.732 [main] DEBUG e2e_tests.NavigationTest - Driver initialised
2021-01-05 21:38:05.733 [main] INFO  e2e_tests.NavigationTest - Opening landing page...
2021-01-05 21:38:21.649 [main] DEBUG e2e_tests.NavigationTest - Landing page opened
2021-01-05 21:38:21.653 [main] INFO  e2e_tests.NavigationTest - Carrying out validation on Featured Courses header in landing page...
2021-01-05 21:38:23.256 [main] INFO  e2e_tests.NavigationTest - Initialising driver...
2021-01-05 21:38:31.437 [main] DEBUG e2e_tests.NavigationTest - Driver initialised
2021-01-05 21:38:31.439 [main] INFO  e2e_tests.NavigationTest - Opening landing page...
2021-01-05 21:38:46.265 [main] DEBUG e2e_tests.NavigationTest - Landing page opened
2021-01-05 21:39:01.168 [main] DEBUG e2e_tests.NavigationTest - Landing page login button clicked
2021-01-05 21:39:01.169 [main] INFO  e2e_tests.NavigationTest - Carrying out validation on Create an Account link in login page...
2021-01-05 21:42:19.656 [main] INFO  e2e_tests.NavigationTest - Initialising driver...
2021-01-05 21:42:30.318 [main] DEBUG e2e_tests.NavigationTest - Driver initialised
2021-01-05 21:42:30.319 [main] INFO  e2e_tests.NavigationTest - Opening landing page...
2021-01-05 21:42:42.623 [main] DEBUG e2e_tests.NavigationTest - Landing page opened
2021-01-05 21:42:42.754 [main] INFO  e2e_tests.NavigationTest - Waiting three seconds for landing page login button...
2021-01-05 21:42:58.323 [main] DEBUG e2e_tests.NavigationTest - Landing page login button clicked
2021-01-05 21:42:59.139 [main] DEBUG e2e_tests.NavigationTest - Login page email entered
2021-01-05 21:42:59.773 [main] DEBUG e2e_tests.NavigationTest - Login page password entered
2021-01-05 21:43:03.309 [main] DEBUG e2e_tests.NavigationTest - Login page login button clicked
2021-01-05 21:43:03.310 [main] INFO  e2e_tests.NavigationTest - Tearing down driver...
2021-01-05 21:43:06.729 [main] DEBUG e2e_tests.NavigationTest - Driver torn down
2021-01-05 21:43:06.776 [main] INFO  e2e_tests.NavigationTest - Initialising driver...
2021-01-05 21:43:15.203 [main] DEBUG e2e_tests.NavigationTest - Driver initialised
2021-01-05 21:43:15.203 [main] INFO  e2e_tests.NavigationTest - Opening landing page...
2021-01-05 21:43:29.320 [main] DEBUG e2e_tests.NavigationTest - Landing page opened
2021-01-05 21:43:29.321 [main] INFO  e2e_tests.NavigationTest - Waiting three seconds for landing page login button...
2021-01-05 21:43:44.423 [main] DEBUG e2e_tests.NavigationTest - Landing page login button clicked
2021-01-05 21:43:45.039 [main] DEBUG e2e_tests.NavigationTest - Login page email entered
2021-01-05 21:43:45.686 [main] DEBUG e2e_tests.NavigationTest - Login page password entered
2021-01-05 21:43:49.802 [main] DEBUG e2e_tests.NavigationTest - Login page login button clicked
2021-01-05 21:43:49.803 [main] INFO  e2e_tests.NavigationTest - Tearing down driver...
2021-01-05 21:43:51.795 [main] DEBUG e2e_tests.NavigationTest - Driver torn down
2021-01-05 21:43:51.832 [main] INFO  e2e_tests.NavigationTest - Initialising driver...
2021-01-05 21:43:59.269 [main] DEBUG e2e_tests.NavigationTest - Driver initialised
2021-01-05 21:43:59.269 [main] INFO  e2e_tests.NavigationTest - Opening landing page...
2021-01-05 21:44:12.540 [main] DEBUG e2e_tests.NavigationTest - Landing page opened
2021-01-05 21:44:12.541 [main] INFO  e2e_tests.NavigationTest - Carrying out validation on Featured Courses header in landing page...
2021-01-05 21:44:12.941 [main] INFO  e2e_tests.NavigationTest - Initialising driver...
2021-01-05 21:44:21.691 [main] DEBUG e2e_tests.NavigationTest - Driver initialised
2021-01-05 21:44:21.691 [main] INFO  e2e_tests.NavigationTest - Opening landing page...
2021-01-05 21:44:39.914 [main] DEBUG e2e_tests.NavigationTest - Landing page opened
2021-01-05 21:44:39.915 [main] INFO  e2e_tests.NavigationTest - Waiting three seconds for landing page login button...
2021-01-05 21:45:34.956 [main] DEBUG e2e_tests.NavigationTest - Landing page login button clicked
2021-01-05 21:45:34.958 [main] INFO  e2e_tests.NavigationTest - Carrying out validation on Create an Account link in login page...
2021-01-05 21:50:19.721 [main] INFO  e2e_tests.NavigationTest - Initialising driver...
2021-01-05 21:50:29.212 [main] DEBUG e2e_tests.NavigationTest - Driver initialised
2021-01-05 21:50:29.214 [main] INFO  e2e_tests.NavigationTest - Opening landing page...
2021-01-05 21:50:44.571 [main] DEBUG e2e_tests.NavigationTest - Landing page opened
2021-01-05 21:50:44.700 [main] INFO  e2e_tests.NavigationTest - Waiting three seconds for landing page login button...
2021-01-05 21:51:02.015 [main] DEBUG e2e_tests.NavigationTest - Landing page login button clicked
2021-01-05 21:51:02.798 [main] DEBUG e2e_tests.NavigationTest - Login page email entered
2021-01-05 21:51:03.553 [main] DEBUG e2e_tests.NavigationTest - Login page password entered
2021-01-05 21:51:07.915 [main] DEBUG e2e_tests.NavigationTest - Login page login button clicked
2021-01-05 21:51:07.916 [main] INFO  e2e_tests.NavigationTest - Tearing down driver...
2021-01-05 21:51:09.732 [main] DEBUG e2e_tests.NavigationTest - Driver torn down
2021-01-05 21:51:09.788 [main] INFO  e2e_tests.NavigationTest - Initialising driver...
2021-01-05 21:51:17.183 [main] DEBUG e2e_tests.NavigationTest - Driver initialised
2021-01-05 21:51:17.184 [main] INFO  e2e_tests.NavigationTest - Opening landing page...
2021-01-05 21:51:30.503 [main] DEBUG e2e_tests.NavigationTest - Landing page opened
2021-01-05 21:51:30.504 [main] INFO  e2e_tests.NavigationTest - Waiting three seconds for landing page login button...
2021-01-05 21:51:48.631 [main] DEBUG e2e_tests.NavigationTest - Landing page login button clicked
2021-01-05 21:51:49.405 [main] DEBUG e2e_tests.NavigationTest - Login page email entered
2021-01-05 21:51:50.167 [main] DEBUG e2e_tests.NavigationTest - Login page password entered
2021-01-05 21:51:52.395 [main] DEBUG e2e_tests.NavigationTest - Login page login button clicked
2021-01-05 21:51:52.401 [main] INFO  e2e_tests.NavigationTest - Tearing down driver...
2021-01-05 21:51:54.094 [main] DEBUG e2e_tests.NavigationTest - Driver torn down
2021-01-05 21:51:54.124 [main] INFO  e2e_tests.NavigationTest - Initialising driver...
2021-01-05 21:52:02.662 [main] DEBUG e2e_tests.NavigationTest - Driver initialised
2021-01-05 21:52:02.663 [main] INFO  e2e_tests.NavigationTest - Opening landing page...
2021-01-05 21:52:13.442 [main] DEBUG e2e_tests.NavigationTest - Landing page opened
2021-01-05 21:52:13.444 [main] INFO  e2e_tests.NavigationTest - Carrying out validation on Featured Courses header in landing page...
2021-01-05 21:52:13.675 [main] INFO  e2e_tests.NavigationTest - Tearing down driver...
2021-01-05 21:52:15.569 [main] DEBUG e2e_tests.NavigationTest - Driver torn down
2021-01-05 21:52:15.581 [main] INFO  e2e_tests.NavigationTest - Initialising driver...
2021-01-05 21:52:21.916 [main] DEBUG e2e_tests.NavigationTest - Driver initialised
2021-01-05 21:52:21.917 [main] INFO  e2e_tests.NavigationTest - Opening landing page...
2021-01-05 21:52:36.678 [main] DEBUG e2e_tests.NavigationTest - Landing page opened
2021-01-05 21:52:36.680 [main] INFO  e2e_tests.NavigationTest - Waiting three seconds for landing page login button...
2021-01-05 21:52:54.592 [main] DEBUG e2e_tests.NavigationTest - Landing page login button clicked
2021-01-05 21:52:54.594 [main] INFO  e2e_tests.NavigationTest - Carrying out validation on Create an Account link in login page...
2021-01-05 21:52:55.057 [main] INFO  e2e_tests.NavigationTest - Tearing down driver...
2021-01-05 21:52:57.091 [main] DEBUG e2e_tests.NavigationTest - Driver torn down
2021-01-05 22:42:44.873 [TestNG-test=Test-2] INFO  e2e_tests.ValidationTest - Initialising driver...
2021-01-05 22:42:44.897 [TestNG-test=Test-1] INFO  e2e_tests.NavigationTest - Initialising driver...
2021-01-05 22:42:59.952 [TestNG-test=Test-1] DEBUG e2e_tests.NavigationTest - Driver initialised
2021-01-05 22:43:01.687 [TestNG-test=Test-1] INFO  e2e_tests.NavigationTest - Opening landing page...
2021-01-05 22:43:06.220 [TestNG-test=Test-2] DEBUG e2e_tests.ValidationTest - Driver initialised
2021-01-05 22:43:06.243 [TestNG-test=Test-2] INFO  e2e_tests.ValidationTest - Opening landing page...
2021-01-05 22:43:24.782 [TestNG-test=Test-1] DEBUG e2e_tests.NavigationTest - Landing page opened
2021-01-05 22:43:24.809 [TestNG-test=Test-1] INFO  e2e_tests.NavigationTest - Waiting three seconds for landing page login button...
2021-01-05 22:44:19.844 [TestNG-test=Test-1] DEBUG e2e_tests.NavigationTest - Landing page login button clicked
2021-01-05 22:44:21.127 [TestNG-test=Test-1] DEBUG e2e_tests.NavigationTest - Login page email entered
2021-01-05 22:44:21.801 [TestNG-test=Test-1] DEBUG e2e_tests.NavigationTest - Login page password entered
2021-01-05 22:44:27.780 [TestNG-test=Test-1] DEBUG e2e_tests.NavigationTest - Login page login button clicked
2021-01-05 22:44:27.808 [TestNG-test=Test-1] INFO  e2e_tests.NavigationTest - Tearing down driver...
2021-01-05 22:44:38.974 [TestNG-test=Test-1] DEBUG e2e_tests.NavigationTest - Driver torn down
2021-01-05 22:44:38.976 [TestNG-test=Test-1] INFO  e2e_tests.NavigationTest - Initialising driver...
2021-01-05 22:44:39.758 [TestNG-test=Test-2] DEBUG e2e_tests.ValidationTest - Landing page opened
2021-01-05 22:44:39.768 [TestNG-test=Test-2] INFO  e2e_tests.ValidationTest - Waiting three seconds for landing page login button...
2021-01-05 22:44:42.769 [TestNG-test=Test-2] INFO  e2e_tests.ValidationTest - Carrying out validation on text in course heading...
2021-01-05 22:44:48.314 [TestNG-test=Test-1] DEBUG e2e_tests.NavigationTest - Driver initialised
2021-01-05 22:44:48.321 [TestNG-test=Test-1] INFO  e2e_tests.NavigationTest - Opening landing page...
2021-01-05 22:45:16.970 [TestNG-test=Test-1] DEBUG e2e_tests.NavigationTest - Landing page opened
2021-01-05 22:45:16.971 [TestNG-test=Test-1] INFO  e2e_tests.NavigationTest - Waiting three seconds for landing page login button...
2021-01-05 22:45:49.404 [TestNG-test=Test-1] DEBUG e2e_tests.NavigationTest - Landing page login button clicked
2021-01-05 22:45:50.265 [TestNG-test=Test-1] DEBUG e2e_tests.NavigationTest - Login page email entered
2021-01-05 22:45:50.985 [TestNG-test=Test-1] DEBUG e2e_tests.NavigationTest - Login page password entered
2021-01-05 22:45:56.751 [TestNG-test=Test-1] DEBUG e2e_tests.NavigationTest - Login page login button clicked
2021-01-05 22:45:56.774 [TestNG-test=Test-1] INFO  e2e_tests.NavigationTest - Tearing down driver...
2021-01-05 22:46:07.425 [TestNG-test=Test-1] DEBUG e2e_tests.NavigationTest - Driver torn down
2021-01-05 22:46:09.619 [TestNG-test=Test-2] DEBUG e2e_tests.ValidationTest - Landing page login button clicked
2021-01-05 22:46:09.620 [TestNG-test=Test-2] INFO  e2e_tests.ValidationTest - Carrying out validation to check "Create an Account" link is displayed...
2021-01-05 22:46:10.521 [TestNG-test=Test-2] DEBUG e2e_tests.ValidationTest - Login page email entered
2021-01-05 22:46:10.965 [TestNG-test=Test-2] DEBUG e2e_tests.ValidationTest - Login page password entered
2021-01-05 22:46:15.019 [TestNG-test=Test-2] DEBUG e2e_tests.ValidationTest - Login page login button clicked
2021-01-05 22:46:15.030 [TestNG-test=Test-2] INFO  e2e_tests.ValidationTest - Tearing down driver...
2021-01-05 22:46:17.045 [TestNG-test=Test-2] DEBUG e2e_tests.ValidationTest - Driver torn down
2021-01-06 12:24:50.604 [main] INFO  e2e_tests.NavigationTest - Initialising driver...
2021-01-06 12:25:06.364 [main] DEBUG e2e_tests.NavigationTest - Driver initialised
2021-01-06 12:25:06.365 [main] INFO  e2e_tests.NavigationTest - Opening landing page...
2021-01-06 12:25:25.529 [main] DEBUG e2e_tests.NavigationTest - Landing page opened
2021-01-06 12:25:25.871 [main] INFO  e2e_tests.NavigationTest - Waiting three seconds for landing page login button...
2021-01-06 12:25:42.880 [main] DEBUG e2e_tests.NavigationTest - Landing page login button clicked
2021-01-06 12:25:43.628 [main] INFO  e2e_tests.NavigationTest - Initialising driver...
2021-01-06 12:26:00.300 [main] DEBUG e2e_tests.NavigationTest - Driver initialised
2021-01-06 12:26:00.300 [main] INFO  e2e_tests.NavigationTest - Opening landing page...
2021-01-06 12:27:20.023 [main] DEBUG e2e_tests.NavigationTest - Landing page opened
2021-01-06 12:27:20.024 [main] INFO  e2e_tests.NavigationTest - Waiting three seconds for landing page login button...
2021-01-06 12:27:44.814 [main] DEBUG e2e_tests.NavigationTest - Landing page login button clicked
2021-01-06 12:27:44.916 [main] INFO  e2e_tests.NavigationTest - Initialising driver...
2021-01-06 12:27:57.455 [main] DEBUG e2e_tests.NavigationTest - Driver initialised
2021-01-06 12:27:57.456 [main] INFO  e2e_tests.NavigationTest - Opening landing page...
2021-01-06 12:28:19.585 [main] DEBUG e2e_tests.NavigationTest - Landing page opened
2021-01-06 12:28:19.589 [main] INFO  e2e_tests.NavigationTest - Carrying out validation on Featured Courses header in landing page...
2021-01-06 12:28:20.302 [main] INFO  e2e_tests.NavigationTest - Tearing down driver...
2021-01-06 12:28:22.312 [main] DEBUG e2e_tests.NavigationTest - Driver torn down
2021-01-06 12:28:22.334 [main] INFO  e2e_tests.NavigationTest - Initialising driver...
2021-01-06 12:28:36.657 [main] DEBUG e2e_tests.NavigationTest - Driver initialised
2021-01-06 12:28:36.658 [main] INFO  e2e_tests.NavigationTest - Opening landing page...
2021-01-06 12:29:03.476 [main] DEBUG e2e_tests.NavigationTest - Landing page opened
2021-01-06 12:29:03.477 [main] INFO  e2e_tests.NavigationTest - Waiting three seconds for landing page login button...
2021-01-06 14:19:19.001 [main] INFO  e2e_tests.NavigationTest - Initialising driver...
2021-01-06 14:19:31.432 [main] DEBUG e2e_tests.NavigationTest - Driver initialised
2021-01-06 14:19:31.432 [main] INFO  e2e_tests.NavigationTest - Opening landing page...
2021-01-06 14:19:45.984 [main] DEBUG e2e_tests.NavigationTest - Landing page opened
2021-01-06 14:19:46.097 [main] INFO  e2e_tests.NavigationTest - Waiting three seconds for landing page login button...
2021-01-06 14:20:04.432 [main] DEBUG e2e_tests.NavigationTest - Landing page login button clicked
2021-01-06 14:20:04.560 [main] INFO  e2e_tests.NavigationTest - Initialising driver...
2021-01-06 14:20:21.860 [main] DEBUG e2e_tests.NavigationTest - Driver initialised
2021-01-06 14:20:21.861 [main] INFO  e2e_tests.NavigationTest - Opening landing page...
2021-01-06 19:42:26.611 [main] INFO  e2e_tests.NavigationTest - Initialising driver...
2021-01-06 19:42:39.965 [main] DEBUG e2e_tests.NavigationTest - Driver initialised
2021-01-06 19:42:39.966 [main] INFO  e2e_tests.NavigationTest - Opening landing page...
2021-01-06 19:42:58.577 [main] DEBUG e2e_tests.NavigationTest - Landing page opened
2021-01-06 19:42:58.667 [main] INFO  e2e_tests.NavigationTest - Waiting three seconds for landing page login button...
2021-01-06 19:43:19.518 [main] DEBUG e2e_tests.NavigationTest - Landing page login button clicked
2021-01-06 19:43:19.661 [main] INFO  e2e_tests.NavigationTest - Initialising driver...
2021-01-06 19:43:29.645 [main] DEBUG e2e_tests.NavigationTest - Driver initialised
2021-01-06 19:43:29.645 [main] INFO  e2e_tests.NavigationTest - Opening landing page...
2021-01-06 19:43:59.498 [main] DEBUG e2e_tests.NavigationTest - Landing page opened
2021-01-06 19:43:59.500 [main] INFO  e2e_tests.NavigationTest - Waiting three seconds for landing page login button...
2021-01-06 19:44:33.392 [main] DEBUG e2e_tests.NavigationTest - Landing page login button clicked
2021-01-06 20:16:39.077 [main] INFO  e2e_tests.NavigationTest - Initialising driver...
2021-01-06 20:16:49.253 [main] DEBUG e2e_tests.NavigationTest - Driver initialised
2021-01-06 20:16:49.253 [main] INFO  e2e_tests.NavigationTest - Opening landing page...
2021-01-06 20:17:03.805 [main] DEBUG e2e_tests.NavigationTest - Landing page opened
2021-01-06 20:17:03.884 [main] INFO  e2e_tests.NavigationTest - Waiting three seconds for landing page login button...
2021-01-06 20:17:21.462 [main] DEBUG e2e_tests.NavigationTest - Landing page login button clicked
2021-01-06 20:17:21.569 [main] INFO  e2e_tests.NavigationTest - Initialising driver...
2021-01-06 20:17:27.837 [main] DEBUG e2e_tests.NavigationTest - Driver initialised
2021-01-06 20:17:27.837 [main] INFO  e2e_tests.NavigationTest - Opening landing page...
2021-01-06 20:18:27.263 [main] DEBUG e2e_tests.NavigationTest - Landing page opened
2021-01-06 20:18:27.264 [main] INFO  e2e_tests.NavigationTest - Waiting three seconds for landing page login button...
2021-01-06 20:18:54.330 [main] DEBUG e2e_tests.NavigationTest - Landing page login button clicked
2021-01-06 20:18:54.567 [main] INFO  e2e_tests.NavigationTest - Initialising driver...
2021-01-06 20:19:02.174 [main] DEBUG e2e_tests.NavigationTest - Driver initialised
2021-01-06 20:19:02.175 [main] INFO  e2e_tests.NavigationTest - Opening landing page...
2021-01-06 20:19:25.521 [main] DEBUG e2e_tests.NavigationTest - Landing page opened
2021-01-06 20:19:25.525 [main] INFO  e2e_tests.NavigationTest - Carrying out validation on Featured Courses header in landing page...
2021-01-06 20:19:26.483 [main] INFO  e2e_tests.NavigationTest - Tearing down driver...
2021-01-06 20:19:31.000 [main] DEBUG e2e_tests.NavigationTest - Driver torn down
2021-01-06 20:19:31.016 [main] INFO  e2e_tests.NavigationTest - Initialising driver...
2021-01-06 20:19:37.710 [main] DEBUG e2e_tests.NavigationTest - Driver initialised
2021-01-06 20:19:37.711 [main] INFO  e2e_tests.NavigationTest - Opening landing page...
2021-01-06 20:19:50.739 [main] DEBUG e2e_tests.NavigationTest - Landing page opened
2021-01-06 20:19:50.740 [main] INFO  e2e_tests.NavigationTest - Waiting three seconds for landing page login button...
2021-01-06 20:20:05.235 [main] DEBUG e2e_tests.NavigationTest - Landing page login button clicked
2021-01-06 20:20:05.237 [main] INFO  e2e_tests.NavigationTest - Carrying out validation on Create an Account link in login page...
2021-01-06 20:20:05.618 [main] INFO  e2e_tests.NavigationTest - Tearing down driver...
2021-01-06 20:20:07.367 [main] DEBUG e2e_tests.NavigationTest - Driver torn down
2021-01-06 20:22:52.814 [main] INFO  e2e_tests.NavigationTest - Initialising driver...
2021-01-06 20:23:02.399 [main] DEBUG e2e_tests.NavigationTest - Driver initialised
2021-01-06 20:23:02.401 [main] INFO  e2e_tests.NavigationTest - Opening landing page...
2021-01-06 20:23:16.778 [main] DEBUG e2e_tests.NavigationTest - Landing page opened
2021-01-06 20:23:16.853 [main] INFO  e2e_tests.NavigationTest - Waiting three seconds for landing page login button...
2021-01-06 20:23:32.609 [main] DEBUG e2e_tests.NavigationTest - Landing page login button clicked
2021-01-06 20:23:32.770 [main] INFO  e2e_tests.NavigationTest - Initialising driver...
2021-01-06 20:23:40.403 [main] DEBUG e2e_tests.NavigationTest - Driver initialised
2021-01-06 20:23:40.404 [main] INFO  e2e_tests.NavigationTest - Opening landing page...
2021-01-06 20:23:54.489 [main] DEBUG e2e_tests.NavigationTest - Landing page opened
2021-01-06 20:23:54.496 [main] INFO  e2e_tests.NavigationTest - Waiting three seconds for landing page login button...
2021-01-06 20:24:31.351 [main] DEBUG e2e_tests.NavigationTest - Landing page login button clicked
2021-01-06 20:32:39.537 [main] INFO  e2e_tests.NavigationTest - Initialising driver...
2021-01-06 20:32:49.198 [main] DEBUG e2e_tests.NavigationTest - Driver initialised
2021-01-06 20:32:49.199 [main] INFO  e2e_tests.NavigationTest - Opening landing page...
2021-01-06 20:33:02.437 [main] DEBUG e2e_tests.NavigationTest - Landing page opened
2021-01-06 20:33:02.557 [main] INFO  e2e_tests.NavigationTest - Waiting three seconds for landing page login button...
2021-01-06 20:33:20.601 [main] DEBUG e2e_tests.NavigationTest - Landing page login button clicked
2021-01-06 20:33:20.774 [main] INFO  e2e_tests.NavigationTest - Initialising driver...
2021-01-06 20:33:28.439 [main] DEBUG e2e_tests.NavigationTest - Driver initialised
2021-01-06 20:33:28.439 [main] INFO  e2e_tests.NavigationTest - Opening landing page...
2021-01-06 20:34:29.732 [main] DEBUG e2e_tests.NavigationTest - Landing page opened
2021-01-06 20:34:29.733 [main] INFO  e2e_tests.NavigationTest - Waiting three seconds for landing page login button...
2021-01-06 20:35:48.840 [main] INFO  e2e_tests.NavigationTest - Initialising driver...
2021-01-06 20:35:58.246 [main] DEBUG e2e_tests.NavigationTest - Driver initialised
2021-01-06 20:35:58.247 [main] INFO  e2e_tests.NavigationTest - Opening landing page...
2021-01-06 20:36:11.576 [main] DEBUG e2e_tests.NavigationTest - Landing page opened
2021-01-06 20:36:11.691 [main] INFO  e2e_tests.NavigationTest - Waiting three seconds for landing page login button...
2021-01-06 20:36:30.192 [main] DEBUG e2e_tests.NavigationTest - Landing page login button clicked
2021-01-06 20:36:30.290 [main] INFO  e2e_tests.NavigationTest - Initialising driver...
2021-01-06 20:37:18.108 [main] INFO  e2e_tests.NavigationTest - Initialising driver...
2021-01-06 20:37:28.281 [main] DEBUG e2e_tests.NavigationTest - Driver initialised
2021-01-06 20:37:28.282 [main] INFO  e2e_tests.NavigationTest - Opening landing page...
2021-01-06 20:37:52.378 [main] DEBUG e2e_tests.NavigationTest - Landing page opened
2021-01-06 20:37:52.520 [main] INFO  e2e_tests.NavigationTest - Waiting three seconds for landing page login button...
2021-01-06 20:38:09.245 [main] DEBUG e2e_tests.NavigationTest - Landing page login button clicked
2021-01-06 20:39:09.508 [main] INFO  e2e_tests.NavigationTest - Initialising driver...
2021-01-06 20:39:19.001 [main] DEBUG e2e_tests.NavigationTest - Driver initialised
2021-01-06 20:39:19.001 [main] INFO  e2e_tests.NavigationTest - Opening landing page...
2021-01-06 20:39:31.438 [main] DEBUG e2e_tests.NavigationTest - Landing page opened
2021-01-06 20:39:31.572 [main] INFO  e2e_tests.NavigationTest - Waiting three seconds for landing page login button...
2021-01-06 20:40:13.121 [main] DEBUG e2e_tests.NavigationTest - Landing page login button clicked
2021-01-06 20:43:30.882 [main] INFO  e2e_tests.NavigationTest - Initialising driver...
2021-01-06 20:43:40.748 [main] DEBUG e2e_tests.NavigationTest - Driver initialised
2021-01-06 20:43:40.749 [main] INFO  e2e_tests.NavigationTest - Opening landing page...
2021-01-06 20:44:44.498 [main] DEBUG e2e_tests.NavigationTest - Landing page opened
2021-01-06 20:44:44.574 [main] INFO  e2e_tests.NavigationTest - Waiting three seconds for landing page login button...
2021-01-06 20:45:21.917 [main] INFO  e2e_tests.NavigationTest - Initialising driver...
2021-01-06 20:45:32.985 [main] DEBUG e2e_tests.NavigationTest - Driver initialised
2021-01-06 20:45:32.985 [main] INFO  e2e_tests.NavigationTest - Opening landing page...
2021-01-06 20:45:49.856 [main] DEBUG e2e_tests.NavigationTest - Landing page opened
2021-01-06 20:45:49.923 [main] INFO  e2e_tests.NavigationTest - Waiting three seconds for landing page login button...
2021-01-06 20:46:09.138 [main] DEBUG e2e_tests.NavigationTest - Landing page login button clicked
2021-01-06 20:46:10.045 [main] DEBUG e2e_tests.NavigationTest - Login page email entered
2021-01-06 20:46:10.816 [main] DEBUG e2e_tests.NavigationTest - Login page password entered
2021-01-06 20:46:11.534 [main] DEBUG e2e_tests.NavigationTest - Login page login button clicked
2021-01-06 20:46:11.535 [main] INFO  e2e_tests.NavigationTest - Tearing down driver...
2021-01-06 20:46:16.651 [main] DEBUG e2e_tests.NavigationTest - Driver torn down
2021-01-06 20:47:21.237 [main] INFO  e2e_tests.NavigationTest - Initialising driver...
2021-01-06 20:47:31.607 [main] DEBUG e2e_tests.NavigationTest - Driver initialised
2021-01-06 20:47:31.607 [main] INFO  e2e_tests.NavigationTest - Opening landing page...
2021-01-06 20:47:45.916 [main] DEBUG e2e_tests.NavigationTest - Landing page opened
2021-01-06 20:47:46.045 [main] INFO  e2e_tests.NavigationTest - Waiting three seconds for landing page login button...
2021-01-06 20:47:59.609 [main] DEBUG e2e_tests.NavigationTest - Landing page login button clicked
2021-01-06 20:48:00.190 [main] DEBUG e2e_tests.NavigationTest - Login page email entered
2021-01-06 20:48:00.629 [main] DEBUG e2e_tests.NavigationTest - Login page password entered
2021-01-06 20:48:06.061 [main] DEBUG e2e_tests.NavigationTest - Login page login button clicked
2021-01-06 20:48:06.063 [main] INFO  e2e_tests.NavigationTest - Tearing down driver...
2021-01-06 20:48:08.473 [main] DEBUG e2e_tests.NavigationTest - Driver torn down
2021-01-06 20:48:48.705 [main] INFO  e2e_tests.NavigationTest - Initialising driver...
2021-01-06 20:50:02.121 [main] INFO  e2e_tests.NavigationTest - Initialising driver...
2021-01-06 20:50:12.666 [main] DEBUG e2e_tests.NavigationTest - Driver initialised
2021-01-06 20:50:12.666 [main] INFO  e2e_tests.NavigationTest - Opening landing page...
2021-01-06 20:50:30.888 [main] DEBUG e2e_tests.NavigationTest - Landing page opened
2021-01-06 20:50:30.958 [main] INFO  e2e_tests.NavigationTest - Waiting three seconds for landing page login button...
2021-01-06 20:51:13.707 [main] DEBUG e2e_tests.NavigationTest - Landing page login button clicked
2021-01-06 20:51:14.602 [main] DEBUG e2e_tests.NavigationTest - Login page email entered
2021-01-06 20:51:15.331 [main] DEBUG e2e_tests.NavigationTest - Login page password entered
2021-01-06 20:51:19.516 [main] DEBUG e2e_tests.NavigationTest - Login page login button clicked
2021-01-06 20:51:19.517 [main] INFO  e2e_tests.NavigationTest - Tearing down driver...
2021-01-06 20:51:22.556 [main] DEBUG e2e_tests.NavigationTest - Driver torn down
2021-01-06 21:02:51.691 [main] INFO  e2e_tests.NavigationTest - Initialising driver...
2021-01-06 21:03:01.614 [main] DEBUG e2e_tests.NavigationTest - Driver initialised
2021-01-06 21:03:01.615 [main] INFO  e2e_tests.NavigationTest - Opening landing page...
2021-01-06 21:03:15.217 [main] DEBUG e2e_tests.NavigationTest - Landing page opened
2021-01-06 21:03:15.325 [main] INFO  e2e_tests.NavigationTest - Waiting three seconds for landing page login button...
2021-01-06 21:03:34.371 [main] DEBUG e2e_tests.NavigationTest - Landing page login button clicked
2021-01-06 21:03:35.256 [main] DEBUG e2e_tests.NavigationTest - Login page email entered
2021-01-06 21:03:35.924 [main] DEBUG e2e_tests.NavigationTest - Login page password entered
2021-01-06 21:03:36.584 [main] DEBUG e2e_tests.NavigationTest - Login page login button clicked
2021-01-06 21:03:36.585 [main] INFO  e2e_tests.NavigationTest - Tearing down driver...
2021-01-06 21:03:42.437 [main] DEBUG e2e_tests.NavigationTest - Driver torn down
2021-01-06 21:03:42.541 [main] INFO  e2e_tests.NavigationTest - Initialising driver...
2021-01-06 21:03:49.828 [main] DEBUG e2e_tests.NavigationTest - Driver initialised
2021-01-06 21:03:49.829 [main] INFO  e2e_tests.NavigationTest - Opening landing page...
2021-01-06 21:04:03.587 [main] DEBUG e2e_tests.NavigationTest - Landing page opened
2021-01-06 21:04:03.588 [main] INFO  e2e_tests.NavigationTest - Waiting three seconds for landing page login button...
2021-01-06 21:04:21.952 [main] DEBUG e2e_tests.NavigationTest - Landing page login button clicked
2021-01-06 21:04:22.713 [main] DEBUG e2e_tests.NavigationTest - Login page email entered
2021-01-06 21:04:23.278 [main] DEBUG e2e_tests.NavigationTest - Login page password entered
2021-01-06 21:04:23.822 [main] DEBUG e2e_tests.NavigationTest - Login page login button clicked
2021-01-06 21:04:23.823 [main] INFO  e2e_tests.NavigationTest - Tearing down driver...
2021-01-06 21:04:26.106 [main] DEBUG e2e_tests.NavigationTest - Driver torn down
2021-01-06 21:04:26.140 [main] INFO  e2e_tests.NavigationTest - Initialising driver...
2021-01-06 21:04:33.960 [main] DEBUG e2e_tests.NavigationTest - Driver initialised
2021-01-06 21:04:33.960 [main] INFO  e2e_tests.NavigationTest - Opening landing page...
2021-01-06 21:04:45.754 [main] DEBUG e2e_tests.NavigationTest - Landing page opened
2021-01-06 21:04:45.756 [main] INFO  e2e_tests.NavigationTest - Carrying out validation on Featured Courses header in landing page...
2021-01-06 21:04:46.134 [main] INFO  e2e_tests.NavigationTest - Tearing down driver...
2021-01-06 21:04:48.172 [main] DEBUG e2e_tests.NavigationTest - Driver torn down
2021-01-06 21:04:48.183 [main] INFO  e2e_tests.NavigationTest - Initialising driver...
2021-01-06 21:04:54.022 [main] DEBUG e2e_tests.NavigationTest - Driver initialised
2021-01-06 21:04:54.022 [main] INFO  e2e_tests.NavigationTest - Opening landing page...
2021-01-06 21:05:05.543 [main] DEBUG e2e_tests.NavigationTest - Landing page opened
2021-01-06 21:05:05.544 [main] INFO  e2e_tests.NavigationTest - Waiting three seconds for landing page login button...
2021-01-06 21:05:24.490 [main] DEBUG e2e_tests.NavigationTest - Landing page login button clicked
2021-01-06 21:05:24.492 [main] INFO  e2e_tests.NavigationTest - Carrying out validation on Create an Account link in login page...
2021-01-06 21:05:24.797 [main] INFO  e2e_tests.NavigationTest - Tearing down driver...
2021-01-06 21:05:26.795 [main] DEBUG e2e_tests.NavigationTest - Driver torn down
2021-01-06 21:06:27.248 [main] INFO  e2e_tests.NavigationTest - Initialising driver...
2021-01-06 21:06:36.993 [main] DEBUG e2e_tests.NavigationTest - Driver initialised
2021-01-06 21:06:36.994 [main] INFO  e2e_tests.NavigationTest - Opening landing page...
2021-01-06 21:06:54.577 [main] DEBUG e2e_tests.NavigationTest - Landing page opened
2021-01-06 21:06:54.764 [main] INFO  e2e_tests.NavigationTest - Waiting three seconds for landing page login button...
2021-01-06 21:07:09.990 [main] DEBUG e2e_tests.NavigationTest - Landing page login button clicked
2021-01-06 21:07:10.668 [main] DEBUG e2e_tests.NavigationTest - Login page email entered
2021-01-06 21:07:11.143 [main] DEBUG e2e_tests.NavigationTest - Login page password entered
2021-01-06 21:07:12.064 [main] DEBUG e2e_tests.NavigationTest - Login page login button clicked
2021-01-06 21:07:12.065 [main] INFO  e2e_tests.NavigationTest - Tearing down driver...
2021-01-06 21:07:14.053 [main] DEBUG e2e_tests.NavigationTest - Driver torn down
2021-01-06 21:07:14.124 [main] INFO  e2e_tests.NavigationTest - Initialising driver...
2021-01-06 21:07:21.154 [main] DEBUG e2e_tests.NavigationTest - Driver initialised
2021-01-06 21:07:21.155 [main] INFO  e2e_tests.NavigationTest - Opening landing page...
2021-01-06 21:07:32.689 [main] DEBUG e2e_tests.NavigationTest - Landing page opened
2021-01-06 21:07:32.690 [main] INFO  e2e_tests.NavigationTest - Waiting three seconds for landing page login button...
2021-01-06 21:07:50.036 [main] DEBUG e2e_tests.NavigationTest - Landing page login button clicked
2021-01-06 21:07:50.829 [main] DEBUG e2e_tests.NavigationTest - Login page email entered
2021-01-06 21:07:51.353 [main] DEBUG e2e_tests.NavigationTest - Login page password entered
2021-01-06 21:07:51.983 [main] DEBUG e2e_tests.NavigationTest - Login page login button clicked
2021-01-06 21:07:51.984 [main] INFO  e2e_tests.NavigationTest - Tearing down driver...
2021-01-06 21:07:56.445 [main] DEBUG e2e_tests.NavigationTest - Driver torn down
2021-01-06 21:07:56.480 [main] INFO  e2e_tests.NavigationTest - Initialising driver...
2021-01-06 21:08:02.857 [main] DEBUG e2e_tests.NavigationTest - Driver initialised
2021-01-06 21:08:02.857 [main] INFO  e2e_tests.NavigationTest - Opening landing page...
2021-01-06 21:08:14.282 [main] DEBUG e2e_tests.NavigationTest - Landing page opened
2021-01-06 21:08:14.284 [main] INFO  e2e_tests.NavigationTest - Carrying out validation on Featured Courses header in landing page...
2021-01-06 21:08:14.469 [main] INFO  e2e_tests.NavigationTest - Tearing down driver...
2021-01-06 21:08:16.312 [main] DEBUG e2e_tests.NavigationTest - Driver torn down
2021-01-06 21:08:16.324 [main] INFO  e2e_tests.NavigationTest - Initialising driver...
2021-01-06 21:08:22.228 [main] DEBUG e2e_tests.NavigationTest - Driver initialised
2021-01-06 21:08:22.228 [main] INFO  e2e_tests.NavigationTest - Opening landing page...
2021-01-06 21:08:35.635 [main] DEBUG e2e_tests.NavigationTest - Landing page opened
2021-01-06 21:08:35.636 [main] INFO  e2e_tests.NavigationTest - Waiting three seconds for landing page login button...
2021-01-06 21:08:51.791 [main] DEBUG e2e_tests.NavigationTest - Landing page login button clicked
2021-01-06 21:08:51.793 [main] INFO  e2e_tests.NavigationTest - Carrying out validation on Create an Account link in login page...
2021-01-06 21:08:52.152 [main] INFO  e2e_tests.NavigationTest - Tearing down driver...
2021-01-06 21:08:53.950 [main] DEBUG e2e_tests.NavigationTest - Driver torn down
2021-01-06 21:14:36.849 [main] INFO  e2e_tests.NavigationTest - Initialising driver...
2021-01-06 21:14:46.415 [main] DEBUG e2e_tests.NavigationTest - Driver initialised
2021-01-06 21:14:46.416 [main] INFO  e2e_tests.NavigationTest - Opening landing page...
2021-01-06 21:14:58.243 [main] DEBUG e2e_tests.NavigationTest - Landing page opened
2021-01-06 21:14:58.431 [main] INFO  e2e_tests.NavigationTest - Waiting three seconds for landing page login button...
2021-01-06 21:15:16.256 [main] DEBUG e2e_tests.NavigationTest - Landing page login button clicked
2021-01-06 21:15:17.240 [main] DEBUG e2e_tests.NavigationTest - Login page email entered
2021-01-06 21:15:17.804 [main] DEBUG e2e_tests.NavigationTest - Login page password entered
2021-01-06 21:15:18.430 [main] DEBUG e2e_tests.NavigationTest - Login page login button clicked
2021-01-06 21:15:18.431 [main] INFO  e2e_tests.NavigationTest - Tearing down driver...
2021-01-06 21:15:25.390 [main] DEBUG e2e_tests.NavigationTest - Driver torn down
2021-01-06 21:16:16.703 [main] INFO  e2e_tests.NavigationTest - Initialising driver...
2021-01-06 21:16:26.626 [main] DEBUG e2e_tests.NavigationTest - Driver initialised
2021-01-06 21:16:26.627 [main] INFO  e2e_tests.NavigationTest - Opening landing page...
2021-01-06 21:16:40.355 [main] DEBUG e2e_tests.NavigationTest - Landing page opened
2021-01-06 21:16:40.491 [main] INFO  e2e_tests.NavigationTest - Waiting three seconds for landing page login button...
2021-01-06 21:16:56.247 [main] DEBUG e2e_tests.NavigationTest - Landing page login button clicked
2021-01-06 21:16:56.983 [main] DEBUG e2e_tests.NavigationTest - Login page email entered
2021-01-06 21:16:57.498 [main] DEBUG e2e_tests.NavigationTest - Login page password entered
2021-01-06 21:16:58.212 [main] DEBUG e2e_tests.NavigationTest - Login page login button clicked
2021-01-06 21:16:58.213 [main] INFO  e2e_tests.NavigationTest - Tearing down driver...
2021-01-06 21:17:01.005 [main] DEBUG e2e_tests.NavigationTest - Driver torn down
2021-01-06 21:18:06.915 [main] INFO  e2e_tests.NavigationTest - Initialising driver...
2021-01-06 21:18:16.193 [main] DEBUG e2e_tests.NavigationTest - Driver initialised
2021-01-06 21:18:16.194 [main] INFO  e2e_tests.NavigationTest - Opening landing page...
2021-01-06 21:18:28.998 [main] DEBUG e2e_tests.NavigationTest - Landing page opened
2021-01-06 21:18:29.160 [main] INFO  e2e_tests.NavigationTest - Waiting three seconds for landing page login button...
2021-01-06 21:18:47.971 [main] DEBUG e2e_tests.NavigationTest - Landing page login button clicked
2021-01-06 21:18:48.699 [main] DEBUG e2e_tests.NavigationTest - Login page email entered
2021-01-06 21:18:49.192 [main] DEBUG e2e_tests.NavigationTest - Login page password entered
2021-01-06 21:18:49.898 [main] DEBUG e2e_tests.NavigationTest - Login page login button clicked
2021-01-06 21:18:49.899 [main] INFO  e2e_tests.NavigationTest - Tearing down driver...
2021-01-06 21:18:55.052 [main] DEBUG e2e_tests.NavigationTest - Driver torn down
2021-01-06 21:18:55.163 [main] INFO  e2e_tests.NavigationTest - Initialising driver...
2021-01-06 21:19:03.393 [main] DEBUG e2e_tests.NavigationTest - Driver initialised
2021-01-06 21:19:03.393 [main] INFO  e2e_tests.NavigationTest - Opening landing page...
2021-01-06 21:19:14.745 [main] DEBUG e2e_tests.NavigationTest - Landing page opened
2021-01-06 21:19:14.746 [main] INFO  e2e_tests.NavigationTest - Waiting three seconds for landing page login button...
2021-01-06 21:19:32.923 [main] DEBUG e2e_tests.NavigationTest - Landing page login button clicked
2021-01-06 21:19:33.729 [main] DEBUG e2e_tests.NavigationTest - Login page email entered
2021-01-06 21:19:34.270 [main] DEBUG e2e_tests.NavigationTest - Login page password entered
2021-01-06 21:19:35.032 [main] DEBUG e2e_tests.NavigationTest - Login page login button clicked
2021-01-06 21:19:35.033 [main] INFO  e2e_tests.NavigationTest - Tearing down driver...
2021-01-06 21:19:41.441 [main] DEBUG e2e_tests.NavigationTest - Driver torn down
2021-01-06 21:19:41.597 [main] INFO  e2e_tests.NavigationTest - Initialising driver...
2021-01-06 21:19:47.987 [main] DEBUG e2e_tests.NavigationTest - Driver initialised
2021-01-06 21:19:47.988 [main] INFO  e2e_tests.NavigationTest - Opening landing page...
2021-01-06 21:20:01.950 [main] DEBUG e2e_tests.NavigationTest - Landing page opened
2021-01-06 21:20:01.952 [main] INFO  e2e_tests.NavigationTest - Carrying out validation on Featured Courses header in landing page...
2021-01-06 21:20:02.451 [main] INFO  e2e_tests.NavigationTest - Tearing down driver...
2021-01-06 21:20:04.951 [main] DEBUG e2e_tests.NavigationTest - Driver torn down
2021-01-06 21:20:04.963 [main] INFO  e2e_tests.NavigationTest - Initialising driver...
2021-01-06 21:20:11.080 [main] DEBUG e2e_tests.NavigationTest - Driver initialised
2021-01-06 21:20:11.081 [main] INFO  e2e_tests.NavigationTest - Opening landing page...
2021-01-06 21:20:23.358 [main] DEBUG e2e_tests.NavigationTest - Landing page opened
2021-01-06 21:20:23.360 [main] INFO  e2e_tests.NavigationTest - Waiting three seconds for landing page login button...
2021-01-06 21:20:40.205 [main] DEBUG e2e_tests.NavigationTest - Landing page login button clicked
2021-01-06 21:20:40.206 [main] INFO  e2e_tests.NavigationTest - Carrying out validation on Create an Account link in login page...
2021-01-06 21:20:40.600 [main] INFO  e2e_tests.NavigationTest - Tearing down driver...
2021-01-06 21:20:42.244 [main] DEBUG e2e_tests.NavigationTest - Driver torn down
2021-01-06 23:06:49.198 [main] INFO  e2e_tests.NavigationTest - Initialising driver...
2021-01-06 23:07:01.757 [main] DEBUG e2e_tests.NavigationTest - Driver initialised
2021-01-06 23:07:01.758 [main] INFO  e2e_tests.NavigationTest - Opening landing page...
2021-01-06 23:07:18.436 [main] DEBUG e2e_tests.NavigationTest - Landing page opened
2021-01-06 23:07:18.859 [main] INFO  e2e_tests.NavigationTest - Waiting three seconds for landing page login button...
2021-01-06 23:07:39.181 [main] DEBUG e2e_tests.NavigationTest - Landing page login button clicked
2021-01-06 23:07:40.039 [main] DEBUG e2e_tests.NavigationTest - Login page email entered
2021-01-06 23:07:40.525 [main] DEBUG e2e_tests.NavigationTest - Login page password entered
2021-01-06 23:07:41.446 [main] DEBUG e2e_tests.NavigationTest - Login page login button clicked
2021-01-06 23:07:41.447 [main] INFO  e2e_tests.NavigationTest - Tearing down driver...
2021-01-06 23:07:43.582 [main] DEBUG e2e_tests.NavigationTest - Driver torn down
2021-01-06 23:07:44.184 [main] INFO  e2e_tests.NavigationTest - Initialising driver...
2021-01-06 23:07:51.367 [main] DEBUG e2e_tests.NavigationTest - Driver initialised
2021-01-06 23:07:51.367 [main] INFO  e2e_tests.NavigationTest - Opening landing page...
2021-01-06 23:08:02.680 [main] DEBUG e2e_tests.NavigationTest - Landing page opened
2021-01-06 23:08:02.685 [main] INFO  e2e_tests.NavigationTest - Waiting three seconds for landing page login button...
2021-01-06 23:08:21.106 [main] DEBUG e2e_tests.NavigationTest - Landing page login button clicked
2021-01-06 23:08:21.824 [main] DEBUG e2e_tests.NavigationTest - Login page email entered
2021-01-06 23:08:22.302 [main] DEBUG e2e_tests.NavigationTest - Login page password entered
2021-01-06 23:08:23.444 [main] DEBUG e2e_tests.NavigationTest - Login page login button clicked
2021-01-06 23:08:23.445 [main] INFO  e2e_tests.NavigationTest - Tearing down driver...
2021-01-06 23:08:25.328 [main] DEBUG e2e_tests.NavigationTest - Driver torn down
2021-01-06 23:08:25.370 [main] INFO  e2e_tests.NavigationTest - Initialising driver...
2021-01-06 23:08:32.253 [main] DEBUG e2e_tests.NavigationTest - Driver initialised
2021-01-06 23:08:32.254 [main] INFO  e2e_tests.NavigationTest - Opening landing page...
2021-01-06 23:08:48.775 [main] DEBUG e2e_tests.NavigationTest - Landing page opened
2021-01-06 23:08:48.777 [main] INFO  e2e_tests.NavigationTest - Carrying out validation on Featured Courses header in landing page...
2021-01-06 23:08:49.830 [main] INFO  e2e_tests.NavigationTest - Tearing down driver...
2021-01-06 23:08:52.567 [main] DEBUG e2e_tests.NavigationTest - Driver torn down
2021-01-06 23:08:52.583 [main] INFO  e2e_tests.NavigationTest - Initialising driver...
2021-01-06 23:08:59.594 [main] DEBUG e2e_tests.NavigationTest - Driver initialised
2021-01-06 23:08:59.595 [main] INFO  e2e_tests.NavigationTest - Opening landing page...
2021-01-06 23:09:09.926 [main] DEBUG e2e_tests.NavigationTest - Landing page opened
2021-01-06 23:09:09.927 [main] INFO  e2e_tests.NavigationTest - Waiting three seconds for landing page login button...
2021-01-06 23:09:28.850 [main] DEBUG e2e_tests.NavigationTest - Landing page login button clicked
2021-01-06 23:09:28.851 [main] INFO  e2e_tests.NavigationTest - Carrying out validation on Create an Account link in login page...
2021-01-06 23:09:29.319 [main] INFO  e2e_tests.NavigationTest - Tearing down driver...
2021-01-06 23:09:31.173 [main] DEBUG e2e_tests.NavigationTest - Driver torn down
2021-01-07 01:28:49.160 [TestNG-test=Test-1] INFO  e2e_tests.NavigationTest - Initialising driver...
2021-01-07 01:29:08.366 [TestNG-test=Test-1] DEBUG e2e_tests.NavigationTest - Driver initialised
2021-01-07 01:29:08.367 [TestNG-test=Test-1] INFO  e2e_tests.NavigationTest - Opening landing page...
2021-01-07 01:29:22.356 [TestNG-test=Test-1] DEBUG e2e_tests.NavigationTest - Landing page opened
2021-01-07 01:29:22.596 [TestNG-test=Test-1] INFO  e2e_tests.NavigationTest - Waiting three seconds for landing page login button...
2021-01-07 01:29:39.689 [TestNG-test=Test-1] DEBUG e2e_tests.NavigationTest - Landing page login button clicked
2021-01-07 01:29:40.423 [TestNG-test=Test-1] DEBUG e2e_tests.NavigationTest - Login page email entered
2021-01-07 01:29:40.825 [TestNG-test=Test-1] DEBUG e2e_tests.NavigationTest - Login page password entered
2021-01-07 01:29:41.851 [TestNG-test=Test-1] DEBUG e2e_tests.NavigationTest - Login page login button clicked
2021-01-07 01:29:41.852 [TestNG-test=Test-1] INFO  e2e_tests.NavigationTest - Tearing down driver...
2021-01-07 01:29:44.285 [TestNG-test=Test-1] DEBUG e2e_tests.NavigationTest - Driver torn down
2021-01-07 01:29:44.459 [TestNG-test=Test-1] INFO  e2e_tests.NavigationTest - Initialising driver...
2021-01-07 01:29:51.821 [TestNG-test=Test-1] DEBUG e2e_tests.NavigationTest - Driver initialised
2021-01-07 01:29:51.822 [TestNG-test=Test-1] INFO  e2e_tests.NavigationTest - Opening landing page...
2021-01-07 01:30:04.898 [TestNG-test=Test-1] DEBUG e2e_tests.NavigationTest - Landing page opened
2021-01-07 01:30:04.900 [TestNG-test=Test-1] INFO  e2e_tests.NavigationTest - Waiting three seconds for landing page login button...
2021-01-07 01:30:22.365 [TestNG-test=Test-1] DEBUG e2e_tests.NavigationTest - Landing page login button clicked
2021-01-07 01:30:22.980 [TestNG-test=Test-1] DEBUG e2e_tests.NavigationTest - Login page email entered
2021-01-07 01:30:23.463 [TestNG-test=Test-1] DEBUG e2e_tests.NavigationTest - Login page password entered
2021-01-07 01:30:24.435 [TestNG-test=Test-1] DEBUG e2e_tests.NavigationTest - Login page login button clicked
2021-01-07 01:30:24.437 [TestNG-test=Test-1] INFO  e2e_tests.NavigationTest - Tearing down driver...
2021-01-07 01:30:26.212 [TestNG-test=Test-1] DEBUG e2e_tests.NavigationTest - Driver torn down
2021-01-07 01:30:26.302 [TestNG-test=Test-1] INFO  e2e_tests.NavigationTest - Initialising driver...
2021-01-07 01:30:33.723 [TestNG-test=Test-1] DEBUG e2e_tests.NavigationTest - Driver initialised
2021-01-07 01:30:33.726 [TestNG-test=Test-1] INFO  e2e_tests.NavigationTest - Opening landing page...
2021-01-07 01:30:45.879 [TestNG-test=Test-1] DEBUG e2e_tests.NavigationTest - Landing page opened
2021-01-07 01:30:45.882 [TestNG-test=Test-1] INFO  e2e_tests.NavigationTest - Carrying out validation on Featured Courses header in landing page...
2021-01-07 01:30:46.314 [TestNG-test=Test-1] INFO  e2e_tests.NavigationTest - Tearing down driver...
2021-01-07 01:30:48.200 [TestNG-test=Test-1] DEBUG e2e_tests.NavigationTest - Driver torn down
2021-01-07 01:30:48.267 [TestNG-test=Test-1] INFO  e2e_tests.NavigationTest - Initialising driver...
2021-01-07 01:30:54.413 [TestNG-test=Test-1] DEBUG e2e_tests.NavigationTest - Driver initialised
2021-01-07 01:30:54.414 [TestNG-test=Test-1] INFO  e2e_tests.NavigationTest - Opening landing page...
2021-01-07 01:31:06.635 [TestNG-test=Test-1] DEBUG e2e_tests.NavigationTest - Landing page opened
2021-01-07 01:31:06.636 [TestNG-test=Test-1] INFO  e2e_tests.NavigationTest - Waiting three seconds for landing page login button...
2021-01-07 01:31:24.528 [TestNG-test=Test-1] DEBUG e2e_tests.NavigationTest - Landing page login button clicked
2021-01-07 01:31:24.529 [TestNG-test=Test-1] INFO  e2e_tests.NavigationTest - Carrying out validation on Create an Account link in login page...
2021-01-07 01:31:24.953 [TestNG-test=Test-1] INFO  e2e_tests.NavigationTest - Tearing down driver...
2021-01-07 01:31:26.895 [TestNG-test=Test-1] DEBUG e2e_tests.NavigationTest - Driver torn down
2021-01-07 01:44:27.008 [TestNG-test=Test-1] INFO  e2e_tests.NavigationTest - Initialising driver...
2021-01-07 01:44:36.445 [TestNG-test=Test-1] DEBUG e2e_tests.NavigationTest - Driver initialised
2021-01-07 01:44:36.446 [TestNG-test=Test-1] INFO  e2e_tests.NavigationTest - Opening landing page...
2021-01-07 01:44:49.582 [TestNG-test=Test-1] DEBUG e2e_tests.NavigationTest - Landing page opened
2021-01-07 01:44:49.804 [TestNG-test=Test-1] INFO  e2e_tests.NavigationTest - Waiting three seconds for landing page login button...
2021-01-07 01:45:08.082 [TestNG-test=Test-1] DEBUG e2e_tests.NavigationTest - Landing page login button clicked
2021-01-07 01:45:09.198 [TestNG-test=Test-1] DEBUG e2e_tests.NavigationTest - Login page email entered
2021-01-07 01:45:09.647 [TestNG-test=Test-1] DEBUG e2e_tests.NavigationTest - Login page password entered
2021-01-07 01:45:10.785 [TestNG-test=Test-1] DEBUG e2e_tests.NavigationTest - Login page login button clicked
2021-01-07 01:45:10.786 [TestNG-test=Test-1] INFO  e2e_tests.NavigationTest - Tearing down driver...
2021-01-07 01:45:12.896 [TestNG-test=Test-1] DEBUG e2e_tests.NavigationTest - Driver torn down
2021-01-07 01:45:12.995 [TestNG-test=Test-1] INFO  e2e_tests.NavigationTest - Initialising driver...
2021-01-07 01:45:20.882 [TestNG-test=Test-1] DEBUG e2e_tests.NavigationTest - Driver initialised
2021-01-07 01:45:20.882 [TestNG-test=Test-1] INFO  e2e_tests.NavigationTest - Opening landing page...
2021-01-07 01:45:34.828 [TestNG-test=Test-1] DEBUG e2e_tests.NavigationTest - Landing page opened
2021-01-07 01:45:34.833 [TestNG-test=Test-1] INFO  e2e_tests.NavigationTest - Waiting three seconds for landing page login button...
2021-01-07 01:45:52.569 [TestNG-test=Test-1] DEBUG e2e_tests.NavigationTest - Landing page login button clicked
2021-01-07 01:45:53.198 [TestNG-test=Test-1] DEBUG e2e_tests.NavigationTest - Login page email entered
2021-01-07 01:45:53.780 [TestNG-test=Test-1] DEBUG e2e_tests.NavigationTest - Login page password entered
2021-01-07 01:45:54.654 [TestNG-test=Test-1] DEBUG e2e_tests.NavigationTest - Login page login button clicked
2021-01-07 01:45:54.655 [TestNG-test=Test-1] INFO  e2e_tests.NavigationTest - Tearing down driver...
2021-01-07 01:45:56.843 [TestNG-test=Test-1] DEBUG e2e_tests.NavigationTest - Driver torn down
2021-01-07 01:45:56.927 [TestNG-test=Test-1] INFO  e2e_tests.NavigationTest - Initialising driver...
2021-01-07 01:46:03.621 [TestNG-test=Test-1] DEBUG e2e_tests.NavigationTest - Driver initialised
2021-01-07 01:46:03.621 [TestNG-test=Test-1] INFO  e2e_tests.NavigationTest - Opening landing page...
2021-01-07 01:46:15.779 [TestNG-test=Test-1] DEBUG e2e_tests.NavigationTest - Landing page opened
2021-01-07 01:46:15.786 [TestNG-test=Test-1] INFO  e2e_tests.NavigationTest - Carrying out validation on Featured Courses header in landing page...
2021-01-07 01:46:16.959 [TestNG-test=Test-1] INFO  e2e_tests.NavigationTest - Tearing down driver...
2021-01-07 01:46:18.844 [TestNG-test=Test-1] DEBUG e2e_tests.NavigationTest - Driver torn down
2021-01-07 01:46:18.880 [TestNG-test=Test-1] INFO  e2e_tests.NavigationTest - Initialising driver...
2021-01-07 01:46:25.000 [TestNG-test=Test-1] DEBUG e2e_tests.NavigationTest - Driver initialised
2021-01-07 01:46:25.001 [TestNG-test=Test-1] INFO  e2e_tests.NavigationTest - Opening landing page...
2021-01-07 01:46:37.856 [TestNG-test=Test-1] DEBUG e2e_tests.NavigationTest - Landing page opened
2021-01-07 01:46:37.857 [TestNG-test=Test-1] INFO  e2e_tests.NavigationTest - Waiting three seconds for landing page login button...
2021-01-07 01:46:53.363 [TestNG-test=Test-1] DEBUG e2e_tests.NavigationTest - Landing page login button clicked
2021-01-07 01:46:53.369 [TestNG-test=Test-1] INFO  e2e_tests.NavigationTest - Carrying out validation on Create an Account link in login page...
2021-01-07 01:46:53.789 [TestNG-test=Test-1] INFO  e2e_tests.NavigationTest - Tearing down driver...
2021-01-07 01:46:55.871 [TestNG-test=Test-1] DEBUG e2e_tests.NavigationTest - Driver torn down
