2020-12-01 21:33:50.962 [main] INFO  e2e_tests.NavigationTest - Initialising driver...
2020-12-01 21:34:00.492 [main] DEBUG e2e_tests.NavigationTest - Driver initialised
2020-12-01 21:34:00.496 [main] INFO  e2e_tests.NavigationTest - Opening landing page...
2020-12-01 21:34:17.176 [main] DEBUG e2e_tests.NavigationTest - Landing page opened
2020-12-01 21:34:17.195 [main] INFO  e2e_tests.NavigationTest - Waiting three seconds for landing page login button...
2020-12-01 21:34:34.646 [main] DEBUG e2e_tests.NavigationTest - Landing page login button clicked
2020-12-01 21:34:35.208 [main] DEBUG e2e_tests.NavigationTest - Login page email entered
2020-12-01 21:34:35.747 [main] DEBUG e2e_tests.NavigationTest - Login page password entered
2020-12-01 21:34:39.421 [main] DEBUG e2e_tests.NavigationTest - Login page login button clicked
2020-12-01 21:34:39.426 [main] INFO  e2e_tests.NavigationTest - Tearing down driver...
2020-12-01 21:34:41.475 [main] DEBUG e2e_tests.NavigationTest - Driver torn down
2020-12-01 21:34:41.481 [main] INFO  e2e_tests.NavigationTest - Initialising driver...
2020-12-01 21:34:48.380 [main] DEBUG e2e_tests.NavigationTest - Driver initialised
2020-12-01 21:34:48.382 [main] INFO  e2e_tests.NavigationTest - Opening landing page...
2020-12-01 21:35:02.926 [main] DEBUG e2e_tests.NavigationTest - Landing page opened
2020-12-01 21:35:02.927 [main] INFO  e2e_tests.NavigationTest - Waiting three seconds for landing page login button...
2020-12-01 21:35:17.017 [main] DEBUG e2e_tests.NavigationTest - Landing page login button clicked
2020-12-01 21:35:17.529 [main] DEBUG e2e_tests.NavigationTest - Login page email entered
2020-12-01 21:35:17.991 [main] DEBUG e2e_tests.NavigationTest - Login page password entered
2020-12-01 21:35:21.741 [main] DEBUG e2e_tests.NavigationTest - Login page login button clicked
2020-12-01 21:35:21.748 [main] INFO  e2e_tests.NavigationTest - Tearing down driver...
2020-12-01 21:35:23.769 [main] DEBUG e2e_tests.NavigationTest - Driver torn down
2020-12-01 21:35:23.777 [main] INFO  e2e_tests.ValidationTest - Initialising driver...
2020-12-01 21:35:30.792 [main] DEBUG e2e_tests.ValidationTest - Driver initialised
2020-12-01 21:35:30.794 [main] INFO  e2e_tests.ValidationTest - Opening landing page...
2020-12-01 21:35:41.959 [main] DEBUG e2e_tests.ValidationTest - Landing page opened
2020-12-01 21:35:41.968 [main] INFO  e2e_tests.ValidationTest - Waiting three seconds for landing page login button...
2020-12-01 21:35:44.971 [main] INFO  e2e_tests.ValidationTest - Carrying out validation on text in course heading...
2020-12-01 21:35:58.833 [main] DEBUG e2e_tests.ValidationTest - Landing page login button clicked
2020-12-01 21:35:58.834 [main] INFO  e2e_tests.ValidationTest - Carrying out validation to check "Create an Account" link is displayed...
2020-12-01 21:35:59.777 [main] DEBUG e2e_tests.ValidationTest - Login page email entered
2020-12-01 21:36:00.403 [main] DEBUG e2e_tests.ValidationTest - Login page password entered
2020-12-01 21:36:02.975 [main] DEBUG e2e_tests.ValidationTest - Login page login button clicked
2020-12-01 21:36:02.978 [main] INFO  e2e_tests.ValidationTest - Tearing down driver...
2020-12-01 21:36:05.033 [main] DEBUG e2e_tests.ValidationTest - Driver torn down
2020-12-01 22:38:36.357 [TestNG-test=Test-1] INFO  e2e_tests.NavigationTest - Initialising driver...
2020-12-01 22:38:36.380 [TestNG-test=Test-2] INFO  e2e_tests.ValidationTest - Initialising driver...
2020-12-01 22:38:50.187 [TestNG-test=Test-1] DEBUG e2e_tests.NavigationTest - Driver initialised
2020-12-01 22:38:50.222 [TestNG-test=Test-1] INFO  e2e_tests.NavigationTest - Opening landing page...
2020-12-01 22:39:03.480 [TestNG-test=Test-2] DEBUG e2e_tests.ValidationTest - Driver initialised
2020-12-01 22:39:03.482 [TestNG-test=Test-2] INFO  e2e_tests.ValidationTest - Opening landing page...
2020-12-01 22:39:12.720 [TestNG-test=Test-1] DEBUG e2e_tests.NavigationTest - Landing page opened
2020-12-01 22:39:12.758 [TestNG-test=Test-1] INFO  e2e_tests.NavigationTest - Waiting three seconds for landing page login button...
2020-12-01 22:40:43.626 [TestNG-test=Test-1] DEBUG e2e_tests.NavigationTest - Landing page login button clicked
2020-12-01 22:40:44.279 [TestNG-test=Test-1] DEBUG e2e_tests.NavigationTest - Login page email entered
2020-12-01 22:40:44.731 [TestNG-test=Test-1] DEBUG e2e_tests.NavigationTest - Login page password entered
2020-12-01 22:40:46.481 [TestNG-test=Test-2] DEBUG e2e_tests.ValidationTest - Landing page opened
2020-12-01 22:40:46.577 [TestNG-test=Test-2] INFO  e2e_tests.ValidationTest - Waiting three seconds for landing page login button...
2020-12-01 22:40:49.582 [TestNG-test=Test-2] INFO  e2e_tests.ValidationTest - Carrying out validation on text in course heading...
2020-12-01 22:40:50.556 [TestNG-test=Test-1] DEBUG e2e_tests.NavigationTest - Login page login button clicked
2020-12-01 22:40:50.560 [TestNG-test=Test-1] INFO  e2e_tests.NavigationTest - Tearing down driver...
2020-12-01 22:40:52.417 [TestNG-test=Test-1] DEBUG e2e_tests.NavigationTest - Driver torn down
2020-12-01 22:40:52.419 [TestNG-test=Test-1] INFO  e2e_tests.NavigationTest - Initialising driver...
2020-12-01 22:40:59.924 [TestNG-test=Test-1] DEBUG e2e_tests.NavigationTest - Driver initialised
2020-12-01 22:40:59.926 [TestNG-test=Test-1] INFO  e2e_tests.NavigationTest - Opening landing page...
2020-12-01 22:42:12.645 [TestNG-test=Test-1] DEBUG e2e_tests.NavigationTest - Landing page opened
2020-12-01 22:42:12.645 [TestNG-test=Test-1] INFO  e2e_tests.NavigationTest - Waiting three seconds for landing page login button...
2020-12-01 22:42:14.979 [TestNG-test=Test-2] DEBUG e2e_tests.ValidationTest - Landing page login button clicked
2020-12-01 22:42:14.980 [TestNG-test=Test-2] INFO  e2e_tests.ValidationTest - Carrying out validation to check "Create an Account" link is displayed...
2020-12-01 22:42:15.994 [TestNG-test=Test-2] DEBUG e2e_tests.ValidationTest - Login page email entered
2020-12-01 22:42:16.468 [TestNG-test=Test-2] DEBUG e2e_tests.ValidationTest - Login page password entered
2020-12-01 22:42:20.921 [TestNG-test=Test-2] DEBUG e2e_tests.ValidationTest - Login page login button clicked
2020-12-01 22:42:20.922 [TestNG-test=Test-2] INFO  e2e_tests.ValidationTest - Tearing down driver...
2020-12-01 22:42:26.092 [TestNG-test=Test-2] DEBUG e2e_tests.ValidationTest - Driver torn down
2020-12-01 22:42:36.352 [TestNG-test=Test-1] DEBUG e2e_tests.NavigationTest - Landing page login button clicked
2020-12-01 22:42:36.869 [TestNG-test=Test-1] DEBUG e2e_tests.NavigationTest - Login page email entered
2020-12-01 22:42:37.388 [TestNG-test=Test-1] DEBUG e2e_tests.NavigationTest - Login page password entered
2020-12-01 22:42:40.484 [TestNG-test=Test-1] DEBUG e2e_tests.NavigationTest - Login page login button clicked
2020-12-01 22:42:40.487 [TestNG-test=Test-1] INFO  e2e_tests.NavigationTest - Tearing down driver...
2020-12-01 22:42:41.938 [TestNG-test=Test-1] DEBUG e2e_tests.NavigationTest - Driver torn down
2020-12-02 03:03:38.484 [main] INFO  e2e_tests.NavigationTest - Initialising driver...
2020-12-02 03:03:49.488 [main] DEBUG e2e_tests.NavigationTest - Driver initialised
2020-12-02 03:03:49.511 [main] INFO  e2e_tests.NavigationTest - Opening landing page...
2020-12-02 03:04:05.449 [main] DEBUG e2e_tests.NavigationTest - Landing page opened
2020-12-02 03:04:05.470 [main] INFO  e2e_tests.NavigationTest - Waiting three seconds for landing page login button...
2020-12-02 03:04:28.102 [main] DEBUG e2e_tests.NavigationTest - Landing page login button clicked
2020-12-02 03:04:28.751 [main] DEBUG e2e_tests.NavigationTest - Login page email entered
2020-12-02 03:04:29.235 [main] DEBUG e2e_tests.NavigationTest - Login page password entered
2020-12-02 03:04:34.833 [main] DEBUG e2e_tests.NavigationTest - Login page login button clicked
2020-12-02 03:04:34.848 [main] INFO  e2e_tests.NavigationTest - Tearing down driver...
2020-12-02 03:04:36.683 [main] DEBUG e2e_tests.NavigationTest - Driver torn down
2020-12-02 03:04:36.685 [main] INFO  e2e_tests.NavigationTest - Initialising driver...
2020-12-02 03:04:43.043 [main] DEBUG e2e_tests.NavigationTest - Driver initialised
2020-12-02 03:04:43.052 [main] INFO  e2e_tests.NavigationTest - Opening landing page...
2020-12-02 03:04:57.675 [main] DEBUG e2e_tests.NavigationTest - Landing page opened
2020-12-02 03:04:57.675 [main] INFO  e2e_tests.NavigationTest - Waiting three seconds for landing page login button...
2020-12-02 03:05:16.594 [main] DEBUG e2e_tests.NavigationTest - Landing page login button clicked
2020-12-02 03:05:17.229 [main] DEBUG e2e_tests.NavigationTest - Login page email entered
2020-12-02 03:05:17.806 [main] DEBUG e2e_tests.NavigationTest - Login page password entered
2020-12-02 03:05:22.384 [main] DEBUG e2e_tests.NavigationTest - Login page login button clicked
2020-12-02 03:05:22.399 [main] INFO  e2e_tests.NavigationTest - Tearing down driver...
2020-12-02 03:05:24.645 [main] DEBUG e2e_tests.NavigationTest - Driver torn down
2020-12-02 03:05:24.655 [main] INFO  e2e_tests.ValidationTest - Initialising driver...
2020-12-02 03:05:30.556 [main] DEBUG e2e_tests.ValidationTest - Driver initialised
2020-12-02 03:05:30.576 [main] INFO  e2e_tests.ValidationTest - Opening landing page...
2020-12-02 03:05:43.535 [main] DEBUG e2e_tests.ValidationTest - Landing page opened
2020-12-02 03:05:43.544 [main] INFO  e2e_tests.ValidationTest - Waiting three seconds for landing page login button...
2020-12-02 03:05:46.546 [main] INFO  e2e_tests.ValidationTest - Carrying out validation on text in course heading...
2020-12-02 03:06:05.757 [main] DEBUG e2e_tests.ValidationTest - Landing page login button clicked
2020-12-02 03:06:05.757 [main] INFO  e2e_tests.ValidationTest - Carrying out validation to check "Create an Account" link is displayed...
2020-12-02 03:06:06.823 [main] DEBUG e2e_tests.ValidationTest - Login page email entered
2020-12-02 03:06:07.544 [main] DEBUG e2e_tests.ValidationTest - Login page password entered
2020-12-02 03:06:11.785 [main] DEBUG e2e_tests.ValidationTest - Login page login button clicked
2020-12-02 03:06:11.838 [main] INFO  e2e_tests.ValidationTest - Tearing down driver...
2020-12-02 03:06:14.562 [main] DEBUG e2e_tests.ValidationTest - Driver torn down
2020-12-02 03:29:13.580 [main] INFO  e2e_tests.NavigationTest - Initialising driver...
2020-12-02 03:29:23.234 [main] DEBUG e2e_tests.NavigationTest - Driver initialised
2020-12-02 03:29:23.263 [main] INFO  e2e_tests.NavigationTest - Opening landing page...
2020-12-02 03:29:33.246 [main] DEBUG e2e_tests.NavigationTest - Landing page opened
2020-12-02 03:29:33.269 [main] INFO  e2e_tests.NavigationTest - Waiting three seconds for landing page login button...
2020-12-02 03:29:52.579 [main] DEBUG e2e_tests.NavigationTest - Landing page login button clicked
2020-12-02 03:29:53.084 [main] DEBUG e2e_tests.NavigationTest - Login page email entered
2020-12-02 03:29:53.651 [main] DEBUG e2e_tests.NavigationTest - Login page password entered
2020-12-02 03:29:58.788 [main] DEBUG e2e_tests.NavigationTest - Login page login button clicked
2020-12-02 03:29:58.794 [main] INFO  e2e_tests.NavigationTest - Tearing down driver...
2020-12-02 03:30:00.922 [main] DEBUG e2e_tests.NavigationTest - Driver torn down
2020-12-02 03:30:00.927 [main] INFO  e2e_tests.NavigationTest - Initialising driver...
2020-12-02 03:30:08.507 [main] DEBUG e2e_tests.NavigationTest - Driver initialised
2020-12-02 03:30:08.509 [main] INFO  e2e_tests.NavigationTest - Opening landing page...
2020-12-02 03:30:22.883 [main] DEBUG e2e_tests.NavigationTest - Landing page opened
2020-12-02 03:30:22.883 [main] INFO  e2e_tests.NavigationTest - Waiting three seconds for landing page login button...
2020-12-02 03:30:39.395 [main] DEBUG e2e_tests.NavigationTest - Landing page login button clicked
2020-12-02 03:30:40.023 [main] DEBUG e2e_tests.NavigationTest - Login page email entered
2020-12-02 03:30:40.538 [main] DEBUG e2e_tests.NavigationTest - Login page password entered
2020-12-02 03:30:44.091 [main] DEBUG e2e_tests.NavigationTest - Login page login button clicked
2020-12-02 03:30:44.096 [main] INFO  e2e_tests.NavigationTest - Tearing down driver...
2020-12-02 03:30:45.703 [main] DEBUG e2e_tests.NavigationTest - Driver torn down
2020-12-02 03:30:45.711 [main] INFO  e2e_tests.ValidationTest - Initialising driver...
2020-12-02 03:30:51.416 [main] DEBUG e2e_tests.ValidationTest - Driver initialised
2020-12-02 03:30:51.418 [main] INFO  e2e_tests.ValidationTest - Opening landing page...
2020-12-02 03:31:02.751 [main] DEBUG e2e_tests.ValidationTest - Landing page opened
2020-12-02 03:31:02.761 [main] INFO  e2e_tests.ValidationTest - Waiting three seconds for landing page login button...
2020-12-02 03:31:05.763 [main] INFO  e2e_tests.ValidationTest - Carrying out validation on text in course heading...
2020-12-02 03:31:19.332 [main] DEBUG e2e_tests.ValidationTest - Landing page login button clicked
2020-12-02 03:31:19.333 [main] INFO  e2e_tests.ValidationTest - Carrying out validation to check "Create an Account" link is displayed...
2020-12-02 03:31:20.580 [main] DEBUG e2e_tests.ValidationTest - Login page email entered
2020-12-02 03:31:21.171 [main] DEBUG e2e_tests.ValidationTest - Login page password entered
2020-12-02 03:31:25.838 [main] DEBUG e2e_tests.ValidationTest - Login page login button clicked
2020-12-02 03:31:27.320 [main] INFO  e2e_tests.ValidationTest - Tearing down driver...
2020-12-02 03:31:29.768 [main] DEBUG e2e_tests.ValidationTest - Driver torn down
2020-12-02 03:37:24.613 [main] INFO  e2e_tests.NavigationTest - Initialising driver...
2020-12-02 03:37:33.211 [main] DEBUG e2e_tests.NavigationTest - Driver initialised
2020-12-02 03:37:33.215 [main] INFO  e2e_tests.NavigationTest - Opening landing page...
2020-12-02 03:37:44.834 [main] DEBUG e2e_tests.NavigationTest - Landing page opened
2020-12-02 03:37:44.858 [main] INFO  e2e_tests.NavigationTest - Waiting three seconds for landing page login button...
2020-12-02 03:38:01.024 [main] DEBUG e2e_tests.NavigationTest - Landing page login button clicked
2020-12-02 03:38:01.559 [main] DEBUG e2e_tests.NavigationTest - Login page email entered
2020-12-02 03:38:02.194 [main] DEBUG e2e_tests.NavigationTest - Login page password entered
2020-12-02 03:38:06.805 [main] DEBUG e2e_tests.NavigationTest - Login page login button clicked
2020-12-02 03:38:06.810 [main] INFO  e2e_tests.NavigationTest - Tearing down driver...
2020-12-02 03:38:11.211 [main] DEBUG e2e_tests.NavigationTest - Driver torn down
2020-12-02 03:38:11.213 [main] INFO  e2e_tests.NavigationTest - Initialising driver...
2020-12-02 03:38:16.830 [main] DEBUG e2e_tests.NavigationTest - Driver initialised
2020-12-02 03:38:16.832 [main] INFO  e2e_tests.NavigationTest - Opening landing page...
2020-12-02 03:38:25.546 [main] DEBUG e2e_tests.NavigationTest - Landing page opened
2020-12-02 03:38:25.546 [main] INFO  e2e_tests.NavigationTest - Waiting three seconds for landing page login button...
2020-12-02 03:38:41.229 [main] DEBUG e2e_tests.NavigationTest - Landing page login button clicked
2020-12-02 03:38:41.814 [main] DEBUG e2e_tests.NavigationTest - Login page email entered
2020-12-02 03:38:42.400 [main] DEBUG e2e_tests.NavigationTest - Login page password entered
2020-12-02 03:38:47.009 [main] DEBUG e2e_tests.NavigationTest - Login page login button clicked
2020-12-02 03:38:47.012 [main] INFO  e2e_tests.NavigationTest - Tearing down driver...
2020-12-02 03:38:49.401 [main] DEBUG e2e_tests.NavigationTest - Driver torn down
2020-12-02 03:38:49.410 [main] INFO  e2e_tests.ValidationTest - Initialising driver...
2020-12-02 03:38:57.120 [main] DEBUG e2e_tests.ValidationTest - Driver initialised
2020-12-02 03:38:57.121 [main] INFO  e2e_tests.ValidationTest - Opening landing page...
2020-12-02 03:39:09.538 [main] DEBUG e2e_tests.ValidationTest - Landing page opened
2020-12-02 03:39:09.549 [main] INFO  e2e_tests.ValidationTest - Waiting three seconds for landing page login button...
2020-12-02 03:39:12.552 [main] INFO  e2e_tests.ValidationTest - Carrying out validation on text in course heading...
2020-12-02 03:39:25.355 [main] DEBUG e2e_tests.ValidationTest - Landing page login button clicked
2020-12-02 03:39:25.358 [main] INFO  e2e_tests.ValidationTest - Carrying out validation to check "Create an Account" link is displayed...
2020-12-02 03:39:26.155 [main] INFO  e2e_tests.ValidationTest - Tearing down driver...
2020-12-02 03:39:27.697 [main] DEBUG e2e_tests.ValidationTest - Driver torn down
2020-12-02 15:09:47.417 [main] INFO  e2e_tests.NavigationTest - Initialising driver...
2020-12-02 15:09:58.712 [main] DEBUG e2e_tests.NavigationTest - Driver initialised
2020-12-02 15:09:58.806 [main] INFO  e2e_tests.NavigationTest - Opening landing page...
2020-12-02 15:10:11.730 [main] DEBUG e2e_tests.NavigationTest - Landing page opened
2020-12-02 15:10:11.751 [main] INFO  e2e_tests.NavigationTest - Waiting three seconds for landing page login button...
2020-12-02 15:10:30.125 [main] DEBUG e2e_tests.NavigationTest - Landing page login button clicked
2020-12-02 15:10:30.710 [main] DEBUG e2e_tests.NavigationTest - Login page email entered
2020-12-02 15:10:31.213 [main] DEBUG e2e_tests.NavigationTest - Login page password entered
2020-12-02 15:10:36.629 [main] DEBUG e2e_tests.NavigationTest - Login page login button clicked
2020-12-02 15:10:36.651 [main] INFO  e2e_tests.NavigationTest - Tearing down driver...
2020-12-02 15:10:39.073 [main] DEBUG e2e_tests.NavigationTest - Driver torn down
2020-12-02 15:10:39.075 [main] INFO  e2e_tests.NavigationTest - Initialising driver...
2020-12-02 15:10:45.510 [main] DEBUG e2e_tests.NavigationTest - Driver initialised
2020-12-02 15:10:45.512 [main] INFO  e2e_tests.NavigationTest - Opening landing page...
2020-12-02 15:10:54.725 [main] DEBUG e2e_tests.NavigationTest - Landing page opened
2020-12-02 15:10:54.726 [main] INFO  e2e_tests.NavigationTest - Waiting three seconds for landing page login button...
2020-12-02 15:11:13.253 [main] DEBUG e2e_tests.NavigationTest - Landing page login button clicked
2020-12-02 15:11:13.858 [main] DEBUG e2e_tests.NavigationTest - Login page email entered
2020-12-02 15:11:14.417 [main] DEBUG e2e_tests.NavigationTest - Login page password entered
2020-12-02 15:11:18.344 [main] DEBUG e2e_tests.NavigationTest - Login page login button clicked
2020-12-02 15:11:18.347 [main] INFO  e2e_tests.NavigationTest - Tearing down driver...
2020-12-02 15:11:20.341 [main] DEBUG e2e_tests.NavigationTest - Driver torn down
2020-12-02 15:11:20.348 [main] INFO  e2e_tests.ValidationTest - Initialising driver...
2020-12-02 15:11:26.576 [main] DEBUG e2e_tests.ValidationTest - Driver initialised
2020-12-02 15:11:26.578 [main] INFO  e2e_tests.ValidationTest - Opening landing page...
2020-12-02 15:11:38.257 [main] DEBUG e2e_tests.ValidationTest - Landing page opened
2020-12-02 15:11:38.273 [main] INFO  e2e_tests.ValidationTest - Waiting three seconds for landing page login button...
2020-12-02 15:11:41.276 [main] INFO  e2e_tests.ValidationTest - Carrying out validation on text in course heading...
2020-12-02 15:11:56.389 [main] DEBUG e2e_tests.ValidationTest - Landing page login button clicked
2020-12-02 15:11:56.390 [main] INFO  e2e_tests.ValidationTest - Carrying out validation to check "Create an Account" link is displayed...
2020-12-02 15:11:57.483 [main] INFO  e2e_tests.ValidationTest - Tearing down driver...
2020-12-02 15:11:59.369 [main] DEBUG e2e_tests.ValidationTest - Driver torn down
2020-12-02 15:23:25.041 [main] INFO  e2e_tests.NavigationTest - Initialising driver...
2020-12-02 15:23:33.679 [main] DEBUG e2e_tests.NavigationTest - Driver initialised
2020-12-02 15:23:33.786 [main] INFO  e2e_tests.NavigationTest - Opening landing page...
2020-12-02 15:23:50.341 [main] DEBUG e2e_tests.NavigationTest - Landing page opened
2020-12-02 15:23:50.360 [main] INFO  e2e_tests.NavigationTest - Waiting three seconds for landing page login button...
2020-12-02 15:24:05.549 [main] DEBUG e2e_tests.NavigationTest - Landing page login button clicked
2020-12-02 15:24:06.175 [main] DEBUG e2e_tests.NavigationTest - Login page email entered
2020-12-02 15:24:06.671 [main] DEBUG e2e_tests.NavigationTest - Login page password entered
2020-12-02 15:24:09.054 [main] DEBUG e2e_tests.NavigationTest - Login page login button clicked
2020-12-02 15:24:09.075 [main] INFO  e2e_tests.NavigationTest - Tearing down driver...
2020-12-02 15:24:11.306 [main] DEBUG e2e_tests.NavigationTest - Driver torn down
2020-12-02 15:24:11.308 [main] INFO  e2e_tests.NavigationTest - Initialising driver...
2020-12-02 15:24:19.104 [main] DEBUG e2e_tests.NavigationTest - Driver initialised
2020-12-02 15:24:19.108 [main] INFO  e2e_tests.NavigationTest - Opening landing page...
2020-12-02 15:24:28.334 [main] DEBUG e2e_tests.NavigationTest - Landing page opened
2020-12-02 15:24:28.335 [main] INFO  e2e_tests.NavigationTest - Waiting three seconds for landing page login button...
2020-12-02 15:24:42.926 [main] DEBUG e2e_tests.NavigationTest - Landing page login button clicked
2020-12-02 15:24:43.470 [main] DEBUG e2e_tests.NavigationTest - Login page email entered
2020-12-02 15:24:44.053 [main] DEBUG e2e_tests.NavigationTest - Login page password entered
2020-12-02 15:24:48.688 [main] DEBUG e2e_tests.NavigationTest - Login page login button clicked
2020-12-02 15:24:48.691 [main] INFO  e2e_tests.NavigationTest - Tearing down driver...
2020-12-02 15:24:56.195 [main] DEBUG e2e_tests.NavigationTest - Driver torn down
2020-12-02 15:24:56.202 [main] INFO  e2e_tests.ValidationTest - Initialising driver...
2020-12-02 15:25:01.576 [main] DEBUG e2e_tests.ValidationTest - Driver initialised
2020-12-02 15:25:01.578 [main] INFO  e2e_tests.ValidationTest - Opening landing page...
2020-12-02 15:25:14.962 [main] DEBUG e2e_tests.ValidationTest - Landing page opened
2020-12-02 15:25:14.972 [main] INFO  e2e_tests.ValidationTest - Waiting three seconds for landing page login button...
2020-12-02 15:25:17.974 [main] INFO  e2e_tests.ValidationTest - Carrying out validation on text in course heading...
2020-12-02 15:25:29.670 [main] DEBUG e2e_tests.ValidationTest - Landing page login button clicked
2020-12-02 15:25:29.671 [main] INFO  e2e_tests.ValidationTest - Carrying out validation to check "Create an Account" link is displayed...
2020-12-02 15:25:30.505 [main] INFO  e2e_tests.ValidationTest - Tearing down driver...
2020-12-02 15:25:32.804 [main] DEBUG e2e_tests.ValidationTest - Driver torn down
2020-12-02 15:31:29.422 [main] INFO  e2e_tests.NavigationTest - Initialising driver...
2020-12-02 15:31:38.072 [main] DEBUG e2e_tests.NavigationTest - Driver initialised
2020-12-02 15:31:38.132 [main] INFO  e2e_tests.NavigationTest - Opening landing page...
2020-12-02 15:31:48.875 [main] DEBUG e2e_tests.NavigationTest - Landing page opened
2020-12-02 15:31:48.895 [main] INFO  e2e_tests.NavigationTest - Waiting three seconds for landing page login button...
2020-12-02 15:32:03.974 [main] DEBUG e2e_tests.NavigationTest - Landing page login button clicked
2020-12-02 15:32:04.593 [main] DEBUG e2e_tests.NavigationTest - Login page email entered
2020-12-02 15:32:05.069 [main] DEBUG e2e_tests.NavigationTest - Login page password entered
2020-12-02 15:32:08.813 [main] DEBUG e2e_tests.NavigationTest - Login page login button clicked
2020-12-02 15:32:08.836 [main] INFO  e2e_tests.NavigationTest - Tearing down driver...
2020-12-02 15:32:10.900 [main] DEBUG e2e_tests.NavigationTest - Driver torn down
2020-12-02 15:32:10.902 [main] INFO  e2e_tests.NavigationTest - Initialising driver...
2020-12-02 15:32:17.165 [main] DEBUG e2e_tests.NavigationTest - Driver initialised
2020-12-02 15:32:17.167 [main] INFO  e2e_tests.NavigationTest - Opening landing page...
2020-12-02 15:32:28.179 [main] DEBUG e2e_tests.NavigationTest - Landing page opened
2020-12-02 15:32:28.179 [main] INFO  e2e_tests.NavigationTest - Waiting three seconds for landing page login button...
2020-12-02 15:32:44.333 [main] DEBUG e2e_tests.NavigationTest - Landing page login button clicked
2020-12-02 15:32:44.895 [main] DEBUG e2e_tests.NavigationTest - Login page email entered
2020-12-02 15:32:45.414 [main] DEBUG e2e_tests.NavigationTest - Login page password entered
2020-12-02 15:32:50.393 [main] DEBUG e2e_tests.NavigationTest - Login page login button clicked
2020-12-02 15:32:50.396 [main] INFO  e2e_tests.NavigationTest - Tearing down driver...
2020-12-02 15:32:52.369 [main] DEBUG e2e_tests.NavigationTest - Driver torn down
2020-12-02 15:32:52.375 [main] INFO  e2e_tests.ValidationTest - Initialising driver...
2020-12-02 15:32:58.751 [main] DEBUG e2e_tests.ValidationTest - Driver initialised
2020-12-02 15:32:58.753 [main] INFO  e2e_tests.ValidationTest - Opening landing page...
2020-12-02 15:33:08.981 [main] DEBUG e2e_tests.ValidationTest - Landing page opened
2020-12-02 15:33:08.991 [main] INFO  e2e_tests.ValidationTest - Waiting three seconds for landing page login button...
2020-12-02 15:33:11.993 [main] INFO  e2e_tests.ValidationTest - Carrying out validation on text in course heading...
2020-12-02 15:33:23.447 [main] DEBUG e2e_tests.ValidationTest - Landing page login button clicked
2020-12-02 15:33:23.448 [main] INFO  e2e_tests.ValidationTest - Carrying out validation to check "Create an Account" link is displayed...
2020-12-02 15:33:24.293 [main] INFO  e2e_tests.ValidationTest - Tearing down driver...
2020-12-02 15:33:26.851 [main] DEBUG e2e_tests.ValidationTest - Driver torn down
2020-12-02 15:54:06.095 [main] INFO  e2e_tests.NavigationTest - Initialising driver...
2020-12-02 15:54:15.476 [main] DEBUG e2e_tests.NavigationTest - Driver initialised
2020-12-02 15:54:15.611 [main] INFO  e2e_tests.NavigationTest - Opening landing page...
2020-12-02 15:54:32.787 [main] DEBUG e2e_tests.NavigationTest - Landing page opened
2020-12-02 15:54:32.805 [main] INFO  e2e_tests.NavigationTest - Waiting three seconds for landing page login button...
2020-12-02 15:54:51.559 [main] DEBUG e2e_tests.NavigationTest - Landing page login button clicked
2020-12-02 15:54:52.131 [main] DEBUG e2e_tests.NavigationTest - Login page email entered
2020-12-02 15:54:52.669 [main] DEBUG e2e_tests.NavigationTest - Login page password entered
2020-12-02 15:54:57.177 [main] DEBUG e2e_tests.NavigationTest - Login page login button clicked
2020-12-02 15:54:57.199 [main] INFO  e2e_tests.NavigationTest - Tearing down driver...
2020-12-02 15:55:02.553 [main] DEBUG e2e_tests.NavigationTest - Driver torn down
2020-12-02 15:55:02.555 [main] INFO  e2e_tests.NavigationTest - Initialising driver...
2020-12-02 15:55:08.720 [main] DEBUG e2e_tests.NavigationTest - Driver initialised
2020-12-02 15:55:08.723 [main] INFO  e2e_tests.NavigationTest - Opening landing page...
2020-12-02 15:55:28.012 [main] DEBUG e2e_tests.NavigationTest - Landing page opened
2020-12-02 15:55:28.012 [main] INFO  e2e_tests.NavigationTest - Waiting three seconds for landing page login button...
2020-12-02 15:55:42.564 [main] DEBUG e2e_tests.NavigationTest - Landing page login button clicked
2020-12-02 15:55:43.067 [main] DEBUG e2e_tests.NavigationTest - Login page email entered
2020-12-02 15:55:43.537 [main] DEBUG e2e_tests.NavigationTest - Login page password entered
2020-12-02 15:55:45.203 [main] DEBUG e2e_tests.NavigationTest - Login page login button clicked
2020-12-02 15:55:45.206 [main] INFO  e2e_tests.NavigationTest - Tearing down driver...
2020-12-02 15:55:47.575 [main] DEBUG e2e_tests.NavigationTest - Driver torn down
2020-12-02 15:55:47.581 [main] INFO  e2e_tests.ValidationTest - Initialising driver...
2020-12-02 15:55:53.364 [main] DEBUG e2e_tests.ValidationTest - Driver initialised
2020-12-02 15:55:53.366 [main] INFO  e2e_tests.ValidationTest - Opening landing page...
2020-12-02 15:56:06.592 [main] DEBUG e2e_tests.ValidationTest - Landing page opened
2020-12-02 15:56:06.604 [main] INFO  e2e_tests.ValidationTest - Waiting three seconds for landing page login button...
2020-12-02 15:56:09.606 [main] INFO  e2e_tests.ValidationTest - Carrying out validation on text in course heading...
2020-12-02 15:56:20.579 [main] DEBUG e2e_tests.ValidationTest - Landing page login button clicked
2020-12-02 15:56:20.580 [main] INFO  e2e_tests.ValidationTest - Carrying out validation to check "Create an Account" link is displayed...
2020-12-02 15:56:21.380 [main] INFO  e2e_tests.ValidationTest - Tearing down driver...
2020-12-02 15:56:23.628 [main] DEBUG e2e_tests.ValidationTest - Driver torn down
2020-12-02 21:46:18.482 [main] INFO  e2e_tests.NavigationTest - Initialising driver...
2020-12-02 21:46:28.704 [main] DEBUG e2e_tests.NavigationTest - Driver initialised
2020-12-02 21:59:05.694 [main] INFO  e2e_tests.NavigationTest - Initialising driver...
2020-12-02 21:59:17.031 [main] DEBUG e2e_tests.NavigationTest - Driver initialised
2020-12-02 21:59:18.570 [main] INFO  e2e_tests.NavigationTest - Opening landing page...
2020-12-02 21:59:32.028 [main] DEBUG e2e_tests.NavigationTest - Landing page opened
2020-12-02 21:59:32.053 [main] INFO  e2e_tests.NavigationTest - Waiting three seconds for landing page login button...
2020-12-02 21:59:49.125 [main] DEBUG e2e_tests.NavigationTest - Landing page login button clicked
2020-12-02 21:59:49.925 [main] DEBUG e2e_tests.NavigationTest - Login page email entered
2020-12-02 21:59:50.389 [main] DEBUG e2e_tests.NavigationTest - Login page password entered
2020-12-02 21:59:54.222 [main] DEBUG e2e_tests.NavigationTest - Login page login button clicked
2020-12-02 21:59:54.245 [main] INFO  e2e_tests.NavigationTest - Tearing down driver...
2020-12-02 22:00:02.286 [main] DEBUG e2e_tests.NavigationTest - Driver torn down
2020-12-02 22:00:02.289 [main] INFO  e2e_tests.NavigationTest - Initialising driver...
2020-12-02 22:00:08.075 [main] DEBUG e2e_tests.NavigationTest - Driver initialised
2020-12-02 22:00:08.078 [main] INFO  e2e_tests.NavigationTest - Opening landing page...
2020-12-02 22:00:28.583 [main] DEBUG e2e_tests.NavigationTest - Landing page opened
2020-12-02 22:00:28.583 [main] INFO  e2e_tests.NavigationTest - Waiting three seconds for landing page login button...
2020-12-02 22:00:45.611 [main] DEBUG e2e_tests.NavigationTest - Landing page login button clicked
2020-12-02 22:00:46.277 [main] DEBUG e2e_tests.NavigationTest - Login page email entered
2020-12-02 22:00:46.810 [main] DEBUG e2e_tests.NavigationTest - Login page password entered
2020-12-02 22:00:52.041 [main] DEBUG e2e_tests.NavigationTest - Login page login button clicked
2020-12-02 22:00:52.043 [main] INFO  e2e_tests.NavigationTest - Tearing down driver...
2020-12-02 22:00:57.499 [main] DEBUG e2e_tests.NavigationTest - Driver torn down
2020-12-02 22:00:57.506 [main] INFO  e2e_tests.ValidationTest - Initialising driver...
2020-12-02 22:01:03.473 [main] DEBUG e2e_tests.ValidationTest - Driver initialised
2020-12-02 22:01:03.477 [main] INFO  e2e_tests.ValidationTest - Opening landing page...
2020-12-02 22:01:14.778 [main] DEBUG e2e_tests.ValidationTest - Landing page opened
2020-12-02 22:01:14.793 [main] INFO  e2e_tests.ValidationTest - Waiting three seconds for landing page login button...
2020-12-02 22:01:17.794 [main] INFO  e2e_tests.ValidationTest - Carrying out validation on text in course heading...
2020-12-02 22:01:29.798 [main] DEBUG e2e_tests.ValidationTest - Landing page login button clicked
2020-12-02 22:01:29.798 [main] INFO  e2e_tests.ValidationTest - Carrying out validation to check "Create an Account" link is displayed...
2020-12-02 22:01:30.968 [main] INFO  e2e_tests.ValidationTest - Tearing down driver...
2020-12-02 22:01:32.770 [main] DEBUG e2e_tests.ValidationTest - Driver torn down
2020-12-02 22:04:36.883 [main] INFO  e2e_tests.NavigationTest - Initialising driver...
2020-12-02 22:04:45.979 [main] DEBUG e2e_tests.NavigationTest - Driver initialised
2020-12-02 22:04:47.308 [main] INFO  e2e_tests.NavigationTest - Opening landing page...
2020-12-02 22:04:59.756 [main] DEBUG e2e_tests.NavigationTest - Landing page opened
2020-12-02 22:04:59.782 [main] INFO  e2e_tests.NavigationTest - Waiting three seconds for landing page login button...
2020-12-02 22:05:14.987 [main] DEBUG e2e_tests.NavigationTest - Landing page login button clicked
2020-12-02 22:05:15.602 [main] DEBUG e2e_tests.NavigationTest - Login page email entered
2020-12-02 22:05:16.089 [main] DEBUG e2e_tests.NavigationTest - Login page password entered
2020-12-02 22:05:21.089 [main] DEBUG e2e_tests.NavigationTest - Login page login button clicked
2020-12-02 22:05:21.112 [main] INFO  e2e_tests.NavigationTest - Tearing down driver...
2020-12-02 22:05:23.211 [main] DEBUG e2e_tests.NavigationTest - Driver torn down
2020-12-02 22:05:23.213 [main] INFO  e2e_tests.NavigationTest - Initialising driver...
2020-12-02 22:05:30.143 [main] DEBUG e2e_tests.NavigationTest - Driver initialised
2020-12-02 22:05:30.147 [main] INFO  e2e_tests.NavigationTest - Opening landing page...
2020-12-02 22:05:42.888 [main] DEBUG e2e_tests.NavigationTest - Landing page opened
2020-12-02 22:05:42.888 [main] INFO  e2e_tests.NavigationTest - Waiting three seconds for landing page login button...
2020-12-02 22:05:57.099 [main] DEBUG e2e_tests.NavigationTest - Landing page login button clicked
2020-12-02 22:05:57.835 [main] DEBUG e2e_tests.NavigationTest - Login page email entered
2020-12-02 22:05:58.522 [main] DEBUG e2e_tests.NavigationTest - Login page password entered
2020-12-02 22:06:01.889 [main] DEBUG e2e_tests.NavigationTest - Login page login button clicked
2020-12-02 22:06:01.892 [main] INFO  e2e_tests.NavigationTest - Tearing down driver...
2020-12-02 22:06:05.216 [main] DEBUG e2e_tests.NavigationTest - Driver torn down
2020-12-02 22:06:05.223 [main] INFO  e2e_tests.ValidationTest - Initialising driver...
2020-12-02 22:06:11.617 [main] DEBUG e2e_tests.ValidationTest - Driver initialised
2020-12-02 22:06:11.620 [main] INFO  e2e_tests.ValidationTest - Opening landing page...
2020-12-02 22:06:23.006 [main] DEBUG e2e_tests.ValidationTest - Landing page opened
2020-12-02 22:06:23.021 [main] INFO  e2e_tests.ValidationTest - Waiting three seconds for landing page login button...
2020-12-02 22:06:26.027 [main] INFO  e2e_tests.ValidationTest - Carrying out validation on text in course heading...
2020-12-02 22:06:41.125 [main] DEBUG e2e_tests.ValidationTest - Landing page login button clicked
2020-12-02 22:06:41.125 [main] INFO  e2e_tests.ValidationTest - Carrying out validation to check "Create an Account" link is displayed...
2020-12-02 22:06:42.135 [main] INFO  e2e_tests.ValidationTest - Tearing down driver...
2020-12-02 22:06:44.419 [main] DEBUG e2e_tests.ValidationTest - Driver torn down
2020-12-02 22:08:52.414 [main] INFO  e2e_tests.NavigationTest - Initialising driver...
2020-12-02 22:09:01.800 [main] DEBUG e2e_tests.NavigationTest - Driver initialised
2020-12-02 22:09:05.524 [main] INFO  e2e_tests.NavigationTest - Opening landing page...
2020-12-02 22:10:02.158 [main] DEBUG e2e_tests.NavigationTest - Landing page opened
2020-12-02 22:10:02.177 [main] INFO  e2e_tests.NavigationTest - Waiting three seconds for landing page login button...
2020-12-02 22:10:54.482 [main] DEBUG e2e_tests.NavigationTest - Landing page login button clicked
2020-12-02 22:10:55.230 [main] DEBUG e2e_tests.NavigationTest - Login page email entered
2020-12-02 22:10:55.795 [main] DEBUG e2e_tests.NavigationTest - Login page password entered
2020-12-02 22:11:12.450 [main] INFO  e2e_tests.NavigationTest - Initialising driver...
2020-12-02 22:11:12.614 [main] DEBUG e2e_tests.NavigationTest - Login page login button clicked
2020-12-02 22:11:12.642 [main] INFO  e2e_tests.NavigationTest - Tearing down driver...
2020-12-02 22:11:17.622 [main] DEBUG e2e_tests.NavigationTest - Driver torn down
2020-12-02 22:11:17.624 [main] INFO  e2e_tests.NavigationTest - Initialising driver...
2020-12-02 22:11:23.794 [main] DEBUG e2e_tests.NavigationTest - Driver initialised
2020-12-02 22:11:26.981 [main] INFO  e2e_tests.NavigationTest - Opening landing page...
2020-12-02 22:11:46.974 [main] DEBUG e2e_tests.NavigationTest - Driver initialised
2020-12-02 22:11:46.981 [main] INFO  e2e_tests.NavigationTest - Opening landing page...
2020-12-02 22:12:11.784 [main] DEBUG e2e_tests.NavigationTest - Landing page opened
2020-12-02 22:12:11.801 [main] INFO  e2e_tests.NavigationTest - Waiting three seconds for landing page login button...
2020-12-02 22:14:25.177 [main] INFO  e2e_tests.NavigationTest - Initialising driver...
2020-12-02 22:14:32.556 [main] DEBUG e2e_tests.NavigationTest - Driver initialised
2020-12-02 22:14:33.781 [main] INFO  e2e_tests.NavigationTest - Opening landing page...
2020-12-02 22:15:12.040 [main] DEBUG e2e_tests.NavigationTest - Landing page opened
2020-12-02 22:15:12.065 [main] INFO  e2e_tests.NavigationTest - Waiting three seconds for landing page login button...
2020-12-02 22:16:02.957 [main] DEBUG e2e_tests.NavigationTest - Landing page login button clicked
2020-12-02 22:16:03.642 [main] DEBUG e2e_tests.NavigationTest - Login page email entered
2020-12-02 22:16:04.086 [main] DEBUG e2e_tests.NavigationTest - Login page password entered
2020-12-02 22:16:12.856 [main] DEBUG e2e_tests.NavigationTest - Login page login button clicked
2020-12-02 22:16:12.879 [main] INFO  e2e_tests.NavigationTest - Tearing down driver...
2020-12-02 22:16:14.431 [main] DEBUG e2e_tests.NavigationTest - Driver torn down
2020-12-02 22:16:14.433 [main] INFO  e2e_tests.NavigationTest - Initialising driver...
2020-12-02 22:16:19.906 [main] DEBUG e2e_tests.NavigationTest - Driver initialised
2020-12-02 22:16:19.909 [main] INFO  e2e_tests.NavigationTest - Opening landing page...
2020-12-02 22:16:37.609 [main] DEBUG e2e_tests.NavigationTest - Landing page opened
2020-12-02 22:16:37.610 [main] INFO  e2e_tests.NavigationTest - Waiting three seconds for landing page login button...
2020-12-02 22:17:14.509 [main] DEBUG e2e_tests.NavigationTest - Landing page login button clicked
2020-12-02 22:17:14.930 [main] DEBUG e2e_tests.NavigationTest - Login page email entered
2020-12-02 22:17:15.293 [main] DEBUG e2e_tests.NavigationTest - Login page password entered
2020-12-02 22:17:34.350 [main] DEBUG e2e_tests.NavigationTest - Login page login button clicked
2020-12-02 22:17:34.353 [main] INFO  e2e_tests.NavigationTest - Tearing down driver...
2020-12-02 22:17:35.920 [main] DEBUG e2e_tests.NavigationTest - Driver torn down
2020-12-02 22:17:35.929 [main] INFO  e2e_tests.ValidationTest - Initialising driver...
2020-12-02 22:17:41.264 [main] DEBUG e2e_tests.ValidationTest - Driver initialised
2020-12-02 22:17:41.267 [main] INFO  e2e_tests.ValidationTest - Opening landing page...
2020-12-02 22:18:00.529 [main] DEBUG e2e_tests.ValidationTest - Landing page opened
2020-12-02 22:18:00.539 [main] INFO  e2e_tests.ValidationTest - Waiting three seconds for landing page login button...
2020-12-02 22:18:03.550 [main] INFO  e2e_tests.ValidationTest - Carrying out validation on text in course heading...
2020-12-02 22:18:59.003 [main] DEBUG e2e_tests.ValidationTest - Landing page login button clicked
2020-12-02 22:18:59.003 [main] INFO  e2e_tests.ValidationTest - Carrying out validation to check "Create an Account" link is displayed...
2020-12-02 22:18:59.871 [main] INFO  e2e_tests.ValidationTest - Tearing down driver...
2020-12-02 22:19:01.996 [main] DEBUG e2e_tests.ValidationTest - Driver torn down
2020-12-03 01:44:32.458 [TestNG-test=Test-2] INFO  e2e_tests.ValidationTest - Initialising driver...
2020-12-03 01:44:32.458 [TestNG-test=Test-1] INFO  e2e_tests.NavigationTest - Initialising driver...
2020-12-03 01:44:46.483 [TestNG-test=Test-2] DEBUG e2e_tests.ValidationTest - Driver initialised
2020-12-03 01:44:48.878 [TestNG-test=Test-2] INFO  e2e_tests.ValidationTest - Opening landing page...
2020-12-03 01:44:58.768 [TestNG-test=Test-1] DEBUG e2e_tests.NavigationTest - Driver initialised
2020-12-03 01:44:58.774 [TestNG-test=Test-1] INFO  e2e_tests.NavigationTest - Opening landing page...
2020-12-03 01:45:22.700 [TestNG-test=Test-2] DEBUG e2e_tests.ValidationTest - Landing page opened
2020-12-03 01:45:22.743 [TestNG-test=Test-2] INFO  e2e_tests.ValidationTest - Waiting three seconds for landing page login button...
2020-12-03 01:45:25.744 [TestNG-test=Test-2] INFO  e2e_tests.ValidationTest - Carrying out validation on text in course heading...
2020-12-03 01:46:01.294 [TestNG-test=Test-2] DEBUG e2e_tests.ValidationTest - Landing page login button clicked
2020-12-03 01:46:01.295 [TestNG-test=Test-2] INFO  e2e_tests.ValidationTest - Carrying out validation to check "Create an Account" link is displayed...
2020-12-03 01:46:03.460 [TestNG-test=Test-2] INFO  e2e_tests.ValidationTest - Tearing down driver...
2020-12-03 01:46:16.812 [TestNG-test=Test-2] DEBUG e2e_tests.ValidationTest - Driver torn down
2020-12-03 01:46:17.888 [TestNG-test=Test-1] DEBUG e2e_tests.NavigationTest - Landing page opened
2020-12-03 01:46:17.888 [TestNG-test=Test-1] INFO  e2e_tests.NavigationTest - Waiting three seconds for landing page login button...
2020-12-03 01:46:33.016 [TestNG-test=Test-1] DEBUG e2e_tests.NavigationTest - Landing page login button clicked
2020-12-03 01:46:33.686 [TestNG-test=Test-1] DEBUG e2e_tests.NavigationTest - Login page email entered
2020-12-03 01:46:34.294 [TestNG-test=Test-1] DEBUG e2e_tests.NavigationTest - Login page password entered
2020-12-03 01:46:41.333 [TestNG-test=Test-1] DEBUG e2e_tests.NavigationTest - Login page login button clicked
2020-12-03 01:46:41.336 [TestNG-test=Test-1] INFO  e2e_tests.NavigationTest - Tearing down driver...
2020-12-03 01:46:43.461 [TestNG-test=Test-1] DEBUG e2e_tests.NavigationTest - Driver torn down
2020-12-03 01:46:43.463 [TestNG-test=Test-1] INFO  e2e_tests.NavigationTest - Initialising driver...
2020-12-03 01:46:52.143 [TestNG-test=Test-1] DEBUG e2e_tests.NavigationTest - Driver initialised
2020-12-03 01:46:52.152 [TestNG-test=Test-1] INFO  e2e_tests.NavigationTest - Opening landing page...
2020-12-03 01:47:04.734 [TestNG-test=Test-1] DEBUG e2e_tests.NavigationTest - Landing page opened
2020-12-03 01:47:04.734 [TestNG-test=Test-1] INFO  e2e_tests.NavigationTest - Waiting three seconds for landing page login button...
2020-12-03 01:47:20.427 [TestNG-test=Test-1] DEBUG e2e_tests.NavigationTest - Landing page login button clicked
2020-12-03 01:47:21.012 [TestNG-test=Test-1] DEBUG e2e_tests.NavigationTest - Login page email entered
2020-12-03 01:47:21.495 [TestNG-test=Test-1] DEBUG e2e_tests.NavigationTest - Login page password entered
2020-12-03 01:47:25.071 [TestNG-test=Test-1] DEBUG e2e_tests.NavigationTest - Login page login button clicked
2020-12-03 01:47:25.075 [TestNG-test=Test-1] INFO  e2e_tests.NavigationTest - Tearing down driver...
2020-12-03 01:47:28.061 [TestNG-test=Test-1] DEBUG e2e_tests.NavigationTest - Driver torn down
2020-12-03 02:04:42.493 [TestNG-test=Test-1] INFO  e2e_tests.NavigationTest - Initialising driver...
2020-12-03 02:04:42.493 [TestNG-test=Test-2] INFO  e2e_tests.ValidationTest - Initialising driver...
2020-12-03 02:04:55.062 [TestNG-test=Test-1] DEBUG e2e_tests.NavigationTest - Driver initialised
2020-12-03 02:04:56.975 [TestNG-test=Test-1] INFO  e2e_tests.NavigationTest - Opening landing page...
2020-12-03 02:05:26.339 [TestNG-test=Test-2] DEBUG e2e_tests.ValidationTest - Driver initialised
2020-12-03 02:05:26.347 [TestNG-test=Test-2] INFO  e2e_tests.ValidationTest - Opening landing page...
2020-12-03 02:05:28.743 [TestNG-test=Test-1] DEBUG e2e_tests.NavigationTest - Landing page opened
2020-12-03 02:05:28.766 [TestNG-test=Test-1] INFO  e2e_tests.NavigationTest - Waiting three seconds for landing page login button...
2020-12-03 02:05:54.512 [TestNG-test=Test-1] DEBUG e2e_tests.NavigationTest - Landing page login button clicked
2020-12-03 02:05:55.513 [TestNG-test=Test-1] DEBUG e2e_tests.NavigationTest - Login page email entered
2020-12-03 02:05:56.323 [TestNG-test=Test-1] DEBUG e2e_tests.NavigationTest - Login page password entered
2020-12-03 02:06:23.914 [TestNG-test=Test-1] DEBUG e2e_tests.NavigationTest - Login page login button clicked
2020-12-03 02:06:23.937 [TestNG-test=Test-1] INFO  e2e_tests.NavigationTest - Tearing down driver...
2020-12-03 02:06:32.318 [TestNG-test=Test-2] DEBUG e2e_tests.ValidationTest - Landing page opened
2020-12-03 02:06:32.331 [TestNG-test=Test-2] INFO  e2e_tests.ValidationTest - Waiting three seconds for landing page login button...
2020-12-03 02:06:35.334 [TestNG-test=Test-2] INFO  e2e_tests.ValidationTest - Carrying out validation on text in course heading...
2020-12-03 02:06:36.295 [TestNG-test=Test-1] DEBUG e2e_tests.NavigationTest - Driver torn down
2020-12-03 02:06:36.297 [TestNG-test=Test-1] INFO  e2e_tests.NavigationTest - Initialising driver...
2020-12-03 02:07:30.616 [TestNG-test=Test-1] DEBUG e2e_tests.NavigationTest - Driver initialised
2020-12-03 02:07:30.622 [TestNG-test=Test-1] INFO  e2e_tests.NavigationTest - Opening landing page...
2020-12-03 02:07:35.756 [TestNG-test=Test-2] DEBUG e2e_tests.ValidationTest - Landing page login button clicked
2020-12-03 02:07:35.756 [TestNG-test=Test-2] INFO  e2e_tests.ValidationTest - Carrying out validation to check "Create an Account" link is displayed...
2020-12-03 02:07:37.008 [TestNG-test=Test-2] INFO  e2e_tests.ValidationTest - Tearing down driver...
2020-12-03 02:07:44.654 [TestNG-test=Test-2] DEBUG e2e_tests.ValidationTest - Driver torn down
2020-12-03 02:08:10.410 [TestNG-test=Test-1] DEBUG e2e_tests.NavigationTest - Landing page opened
2020-12-03 02:08:10.411 [TestNG-test=Test-1] INFO  e2e_tests.NavigationTest - Waiting three seconds for landing page login button...
2020-12-03 02:08:29.205 [TestNG-test=Test-1] DEBUG e2e_tests.NavigationTest - Landing page login button clicked
2020-12-03 02:08:31.870 [TestNG-test=Test-1] DEBUG e2e_tests.NavigationTest - Login page email entered
2020-12-03 02:08:32.899 [TestNG-test=Test-1] DEBUG e2e_tests.NavigationTest - Login page password entered
2020-12-03 02:08:34.846 [TestNG-test=Test-1] DEBUG e2e_tests.NavigationTest - Login page login button clicked
2020-12-03 02:08:34.850 [TestNG-test=Test-1] INFO  e2e_tests.NavigationTest - Tearing down driver...
2020-12-03 02:08:36.304 [TestNG-test=Test-1] DEBUG e2e_tests.NavigationTest - Driver torn down
2020-12-03 22:55:39.979 [TestNG-test=Test-2] INFO  e2e_tests.ValidationTest - Initialising driver...
2020-12-03 22:55:39.979 [TestNG-test=Test-1] INFO  e2e_tests.NavigationTest - Initialising driver...
2020-12-03 22:57:47.298 [TestNG-test=Test-1] INFO  e2e_tests.NavigationTest - Initialising driver...
2020-12-03 22:57:47.298 [TestNG-test=Test-2] INFO  e2e_tests.ValidationTest - Initialising driver...
2020-12-03 22:59:02.716 [main] INFO  e2e_tests.NavigationTest - Initialising driver...
2020-12-03 23:01:07.788 [main] INFO  e2e_tests.NavigationTest - Initialising driver...
2020-12-03 23:05:13.270 [main] INFO  e2e_tests.NavigationTest - Initialising driver...
2020-12-03 23:08:29.755 [main] INFO  e2e_tests.NavigationTest - Initialising driver...
2020-12-03 23:08:44.171 [main] DEBUG e2e_tests.NavigationTest - Driver initialised
2020-12-03 23:08:44.220 [main] INFO  e2e_tests.NavigationTest - Opening landing page...
2020-12-03 23:09:02.714 [main] DEBUG e2e_tests.NavigationTest - Landing page opened
2020-12-03 23:09:02.740 [main] INFO  e2e_tests.NavigationTest - Waiting three seconds for landing page login button...
2020-12-03 23:09:21.727 [main] DEBUG e2e_tests.NavigationTest - Landing page login button clicked
2020-12-03 23:09:22.414 [main] DEBUG e2e_tests.NavigationTest - Login page email entered
2020-12-03 23:09:23.035 [main] DEBUG e2e_tests.NavigationTest - Login page password entered
2020-12-03 23:09:28.195 [main] DEBUG e2e_tests.NavigationTest - Login page login button clicked
2020-12-03 23:09:28.205 [main] INFO  e2e_tests.NavigationTest - Tearing down driver...
2020-12-03 23:09:31.370 [main] DEBUG e2e_tests.NavigationTest - Driver torn down
2020-12-03 23:09:31.372 [main] INFO  e2e_tests.NavigationTest - Initialising driver...
2020-12-03 23:09:39.016 [main] DEBUG e2e_tests.NavigationTest - Driver initialised
2020-12-03 23:09:39.049 [main] INFO  e2e_tests.NavigationTest - Opening landing page...
2020-12-03 23:09:54.104 [main] DEBUG e2e_tests.NavigationTest - Landing page opened
2020-12-03 23:09:54.104 [main] INFO  e2e_tests.NavigationTest - Waiting three seconds for landing page login button...
2020-12-03 23:10:12.469 [main] DEBUG e2e_tests.NavigationTest - Landing page login button clicked
2020-12-03 23:10:13.069 [main] DEBUG e2e_tests.NavigationTest - Login page email entered
2020-12-03 23:10:13.687 [main] DEBUG e2e_tests.NavigationTest - Login page password entered
2020-12-03 23:10:20.630 [main] DEBUG e2e_tests.NavigationTest - Login page login button clicked
2020-12-03 23:10:20.642 [main] INFO  e2e_tests.NavigationTest - Tearing down driver...
2020-12-03 23:10:22.784 [main] DEBUG e2e_tests.NavigationTest - Driver torn down
2020-12-03 23:41:22.876 [TestNG-test=Test-1] INFO  e2e_tests.NavigationTest - Initialising driver...
2020-12-03 23:41:22.876 [TestNG-test=Test-2] INFO  e2e_tests.ValidationTest - Initialising driver...
2020-12-03 23:41:33.733 [TestNG-test=Test-1] DEBUG e2e_tests.NavigationTest - Driver initialised
2020-12-03 23:41:36.632 [TestNG-test=Test-1] INFO  e2e_tests.NavigationTest - Opening landing page...
2020-12-03 23:42:21.573 [TestNG-test=Test-1] DEBUG e2e_tests.NavigationTest - Landing page opened
2020-12-03 23:42:21.606 [TestNG-test=Test-1] INFO  e2e_tests.NavigationTest - Waiting three seconds for landing page login button...
2020-12-03 23:43:08.353 [TestNG-test=Test-2] DEBUG e2e_tests.ValidationTest - Driver initialised
2020-12-03 23:43:08.370 [TestNG-test=Test-2] INFO  e2e_tests.ValidationTest - Opening landing page...
2020-12-03 23:43:10.855 [TestNG-test=Test-1] DEBUG e2e_tests.NavigationTest - Landing page login button clicked
2020-12-03 23:43:11.644 [TestNG-test=Test-1] DEBUG e2e_tests.NavigationTest - Login page email entered
2020-12-03 23:43:12.314 [TestNG-test=Test-1] DEBUG e2e_tests.NavigationTest - Login page password entered
2020-12-03 23:43:18.161 [TestNG-test=Test-1] DEBUG e2e_tests.NavigationTest - Login page login button clicked
2020-12-03 23:43:18.191 [TestNG-test=Test-1] INFO  e2e_tests.NavigationTest - Tearing down driver...
2020-12-03 23:43:42.149 [TestNG-test=Test-1] DEBUG e2e_tests.NavigationTest - Driver torn down
2020-12-03 23:43:42.151 [TestNG-test=Test-1] INFO  e2e_tests.NavigationTest - Initialising driver...
2020-12-03 23:43:51.107 [TestNG-test=Test-1] DEBUG e2e_tests.NavigationTest - Driver initialised
2020-12-03 23:43:51.114 [TestNG-test=Test-1] INFO  e2e_tests.NavigationTest - Opening landing page...
2020-12-03 23:44:04.215 [TestNG-test=Test-1] DEBUG e2e_tests.NavigationTest - Landing page opened
2020-12-03 23:44:04.216 [TestNG-test=Test-1] INFO  e2e_tests.NavigationTest - Waiting three seconds for landing page login button...
2020-12-03 23:44:09.609 [TestNG-test=Test-2] DEBUG e2e_tests.ValidationTest - Landing page opened
2020-12-03 23:44:09.618 [TestNG-test=Test-2] INFO  e2e_tests.ValidationTest - Waiting three seconds for landing page login button...
2020-12-03 23:44:12.620 [TestNG-test=Test-2] INFO  e2e_tests.ValidationTest - Carrying out validation on text in course heading...
2020-12-03 23:44:53.733 [TestNG-test=Test-2] DEBUG e2e_tests.ValidationTest - Landing page login button clicked
2020-12-03 23:44:53.733 [TestNG-test=Test-2] INFO  e2e_tests.ValidationTest - Carrying out validation to check "Create an Account" link is displayed...
2020-12-03 23:45:01.674 [TestNG-test=Test-1] DEBUG e2e_tests.NavigationTest - Landing page login button clicked
2020-12-03 23:45:02.394 [TestNG-test=Test-1] DEBUG e2e_tests.NavigationTest - Login page email entered
2020-12-03 23:45:02.763 [TestNG-test=Test-1] DEBUG e2e_tests.NavigationTest - Login page password entered
2020-12-03 23:45:04.153 [TestNG-test=Test-1] DEBUG e2e_tests.NavigationTest - Login page login button clicked
2020-12-03 23:45:04.160 [TestNG-test=Test-1] INFO  e2e_tests.NavigationTest - Tearing down driver...
2020-12-03 23:45:05.628 [TestNG-test=Test-1] DEBUG e2e_tests.NavigationTest - Driver torn down
2020-12-04 00:05:14.713 [main] INFO  e2e_tests.ValidationTest - Initialising driver...
2020-12-04 00:05:26.810 [main] DEBUG e2e_tests.ValidationTest - Driver initialised
2020-12-04 00:05:26.830 [main] INFO  e2e_tests.ValidationTest - Opening landing page...
2020-12-04 00:05:50.213 [main] DEBUG e2e_tests.ValidationTest - Landing page opened
2020-12-04 00:05:50.243 [main] INFO  e2e_tests.ValidationTest - Waiting three seconds for landing page login button...
2020-12-04 00:05:53.257 [main] INFO  e2e_tests.ValidationTest - Carrying out validation on text in course heading...
2020-12-04 00:06:04.852 [main] DEBUG e2e_tests.ValidationTest - Landing page login button clicked
2020-12-04 00:06:04.853 [main] INFO  e2e_tests.ValidationTest - Carrying out validation to check "Create an Account" link is displayed...
2020-12-04 00:06:05.400 [main] INFO  e2e_tests.ValidationTest - Tearing down driver...
2020-12-04 00:06:07.456 [main] DEBUG e2e_tests.ValidationTest - Driver torn down
2020-12-04 00:07:58.016 [TestNG-test=Test-2] INFO  e2e_tests.ValidationTest - Initialising driver...
2020-12-04 00:07:58.023 [TestNG-test=Test-1] INFO  e2e_tests.NavigationTest - Initialising driver...
2020-12-04 00:08:09.442 [TestNG-test=Test-2] DEBUG e2e_tests.ValidationTest - Driver initialised
2020-12-04 00:08:11.509 [TestNG-test=Test-2] INFO  e2e_tests.ValidationTest - Opening landing page...
2020-12-04 00:08:55.554 [TestNG-test=Test-2] DEBUG e2e_tests.ValidationTest - Landing page opened
2020-12-04 00:08:55.590 [TestNG-test=Test-2] INFO  e2e_tests.ValidationTest - Waiting three seconds for landing page login button...
2020-12-04 00:08:58.619 [TestNG-test=Test-2] INFO  e2e_tests.ValidationTest - Carrying out validation on text in course heading...
2020-12-04 00:09:40.532 [TestNG-test=Test-1] DEBUG e2e_tests.NavigationTest - Driver initialised
2020-12-04 00:09:40.546 [TestNG-test=Test-1] INFO  e2e_tests.NavigationTest - Opening landing page...
2020-12-04 00:09:45.070 [TestNG-test=Test-2] DEBUG e2e_tests.ValidationTest - Landing page login button clicked
2020-12-04 00:09:45.071 [TestNG-test=Test-2] INFO  e2e_tests.ValidationTest - Carrying out validation to check "Create an Account" link is displayed...
2020-12-04 00:10:18.368 [TestNG-test=Test-1] DEBUG e2e_tests.NavigationTest - Landing page opened
2020-12-04 00:10:18.369 [TestNG-test=Test-1] INFO  e2e_tests.NavigationTest - Waiting three seconds for landing page login button...
2020-12-04 00:14:25.518 [TestNG-test=Test-1] INFO  e2e_tests.ValidationTest - Initialising driver...
2020-12-04 00:14:36.175 [TestNG-test=Test-1] DEBUG e2e_tests.ValidationTest - Driver initialised
2020-12-04 00:14:38.244 [TestNG-test=Test-1] INFO  e2e_tests.ValidationTest - Opening landing page...
2020-12-04 00:15:05.489 [TestNG-test=Test-1] DEBUG e2e_tests.ValidationTest - Landing page opened
2020-12-04 00:15:05.548 [TestNG-test=Test-1] INFO  e2e_tests.ValidationTest - Waiting three seconds for landing page login button...
2020-12-04 00:15:08.550 [TestNG-test=Test-1] INFO  e2e_tests.ValidationTest - Carrying out validation on text in course heading...
2020-12-04 00:15:28.692 [TestNG-test=Test-1] DEBUG e2e_tests.ValidationTest - Landing page login button clicked
2020-12-04 00:15:28.692 [TestNG-test=Test-1] INFO  e2e_tests.ValidationTest - Carrying out validation to check "Create an Account" link is displayed...
2020-12-04 00:15:30.013 [TestNG-test=Test-1] INFO  e2e_tests.ValidationTest - Tearing down driver...
2020-12-04 00:15:32.415 [TestNG-test=Test-1] DEBUG e2e_tests.ValidationTest - Driver torn down
2020-12-04 02:51:02.502 [TestNG-test=Test-1] INFO  e2e_tests.ValidationTest - Initialising driver...
2020-12-04 02:51:12.263 [TestNG-test=Test-1] DEBUG e2e_tests.ValidationTest - Driver initialised
2020-12-04 02:51:13.609 [TestNG-test=Test-1] INFO  e2e_tests.ValidationTest - Opening landing page...
2020-12-04 02:51:26.538 [TestNG-test=Test-1] DEBUG e2e_tests.ValidationTest - Landing page opened
2020-12-04 02:51:26.566 [TestNG-test=Test-1] INFO  e2e_tests.ValidationTest - Waiting three seconds for landing page login button...
2020-12-04 02:51:29.567 [TestNG-test=Test-1] INFO  e2e_tests.ValidationTest - Carrying out validation on text in course heading...
2020-12-04 02:51:45.944 [TestNG-test=Test-1] DEBUG e2e_tests.ValidationTest - Landing page login button clicked
2020-12-04 02:51:45.945 [TestNG-test=Test-1] INFO  e2e_tests.ValidationTest - Carrying out validation to check "Create an Account" link is displayed...
2020-12-04 03:01:54.198 [TestNG-test=Test-2] INFO  e2e_tests.ValidationTest - Initialising driver...
2020-12-04 03:01:54.198 [TestNG-test=Test-1] INFO  e2e_tests.NavigationTest - Initialising driver...
2020-12-04 03:02:08.535 [TestNG-test=Test-2] DEBUG e2e_tests.ValidationTest - Driver initialised
2020-12-04 03:02:09.963 [TestNG-test=Test-2] INFO  e2e_tests.ValidationTest - Opening landing page...
2020-12-04 03:02:28.943 [TestNG-test=Test-1] DEBUG e2e_tests.NavigationTest - Driver initialised
2020-12-04 03:02:28.956 [TestNG-test=Test-1] INFO  e2e_tests.NavigationTest - Opening landing page...
2020-12-04 03:02:34.475 [TestNG-test=Test-2] DEBUG e2e_tests.ValidationTest - Landing page opened
2020-12-04 03:02:34.512 [TestNG-test=Test-2] INFO  e2e_tests.ValidationTest - Waiting three seconds for landing page login button...
2020-12-04 03:02:37.514 [TestNG-test=Test-2] INFO  e2e_tests.ValidationTest - Carrying out validation on text in course heading...
2020-12-04 03:03:25.693 [TestNG-test=Test-2] DEBUG e2e_tests.ValidationTest - Landing page login button clicked
2020-12-04 03:03:25.693 [TestNG-test=Test-2] INFO  e2e_tests.ValidationTest - Carrying out validation to check "Create an Account" link is displayed...
2020-12-04 03:03:27.109 [TestNG-test=Test-2] INFO  e2e_tests.ValidationTest - Tearing down driver...
2020-12-04 03:03:42.510 [TestNG-test=Test-2] DEBUG e2e_tests.ValidationTest - Driver torn down
2020-12-04 03:03:42.602 [TestNG-test=Test-1] DEBUG e2e_tests.NavigationTest - Landing page opened
2020-12-04 03:03:42.603 [TestNG-test=Test-1] INFO  e2e_tests.NavigationTest - Waiting three seconds for landing page login button...
2020-12-04 03:04:02.008 [TestNG-test=Test-1] DEBUG e2e_tests.NavigationTest - Landing page login button clicked
2020-12-04 03:04:02.577 [TestNG-test=Test-1] DEBUG e2e_tests.NavigationTest - Login page email entered
2020-12-04 03:04:03.084 [TestNG-test=Test-1] DEBUG e2e_tests.NavigationTest - Login page password entered
2020-12-04 03:04:07.562 [TestNG-test=Test-1] DEBUG e2e_tests.NavigationTest - Login page login button clicked
2020-12-04 03:04:07.569 [TestNG-test=Test-1] INFO  e2e_tests.NavigationTest - Tearing down driver...
2020-12-04 03:04:09.203 [TestNG-test=Test-1] DEBUG e2e_tests.NavigationTest - Driver torn down
2020-12-04 03:04:09.205 [TestNG-test=Test-1] INFO  e2e_tests.NavigationTest - Initialising driver...
2020-12-04 03:04:15.480 [TestNG-test=Test-1] DEBUG e2e_tests.NavigationTest - Driver initialised
2020-12-04 03:04:15.490 [TestNG-test=Test-1] INFO  e2e_tests.NavigationTest - Opening landing page...
2020-12-04 03:06:24.885 [TestNG-test=Test-1] DEBUG e2e_tests.NavigationTest - Landing page opened
2020-12-04 03:06:24.885 [TestNG-test=Test-1] INFO  e2e_tests.NavigationTest - Waiting three seconds for landing page login button...
2020-12-04 03:08:17.200 [TestNG-test=Test-1] INFO  e2e_tests.NavigationTest - Initialising driver...
2020-12-04 03:08:17.200 [TestNG-test=Test-2] INFO  e2e_tests.ValidationTest - Initialising driver...
2020-12-04 03:08:31.243 [TestNG-test=Test-1] DEBUG e2e_tests.NavigationTest - Driver initialised
2020-12-04 03:08:32.666 [TestNG-test=Test-1] INFO  e2e_tests.NavigationTest - Opening landing page...
2020-12-04 03:08:38.955 [TestNG-test=Test-2] DEBUG e2e_tests.ValidationTest - Driver initialised
2020-12-04 03:08:38.972 [TestNG-test=Test-2] INFO  e2e_tests.ValidationTest - Opening landing page...
2020-12-04 03:08:50.216 [TestNG-test=Test-1] DEBUG e2e_tests.NavigationTest - Landing page opened
2020-12-04 03:08:50.239 [TestNG-test=Test-1] INFO  e2e_tests.NavigationTest - Waiting three seconds for landing page login button...
2020-12-04 03:10:02.155 [TestNG-test=Test-1] DEBUG e2e_tests.NavigationTest - Landing page login button clicked
2020-12-04 03:10:02.810 [TestNG-test=Test-1] DEBUG e2e_tests.NavigationTest - Login page email entered
2020-12-04 03:10:03.294 [TestNG-test=Test-1] DEBUG e2e_tests.NavigationTest - Login page password entered
2020-12-04 03:10:08.424 [TestNG-test=Test-1] DEBUG e2e_tests.NavigationTest - Login page login button clicked
2020-12-04 03:10:08.489 [TestNG-test=Test-1] INFO  e2e_tests.NavigationTest - Tearing down driver...
2020-12-04 03:10:11.450 [TestNG-test=Test-1] DEBUG e2e_tests.NavigationTest - Driver torn down
2020-12-04 03:10:11.452 [TestNG-test=Test-1] INFO  e2e_tests.NavigationTest - Initialising driver...
2020-12-04 03:10:23.136 [TestNG-test=Test-1] DEBUG e2e_tests.NavigationTest - Driver initialised
2020-12-04 03:10:23.147 [TestNG-test=Test-1] INFO  e2e_tests.NavigationTest - Opening landing page...
2020-12-04 03:10:38.882 [TestNG-test=Test-1] DEBUG e2e_tests.NavigationTest - Landing page opened
2020-12-04 03:10:38.882 [TestNG-test=Test-1] INFO  e2e_tests.NavigationTest - Waiting three seconds for landing page login button...
2020-12-04 03:10:40.409 [TestNG-test=Test-2] DEBUG e2e_tests.ValidationTest - Landing page opened
2020-12-04 03:10:40.419 [TestNG-test=Test-2] INFO  e2e_tests.ValidationTest - Waiting three seconds for landing page login button...
2020-12-04 03:10:43.420 [TestNG-test=Test-2] INFO  e2e_tests.ValidationTest - Carrying out validation on text in course heading...
2020-12-04 03:11:32.189 [TestNG-test=Test-1] DEBUG e2e_tests.NavigationTest - Landing page login button clicked
2020-12-04 03:11:32.827 [TestNG-test=Test-1] DEBUG e2e_tests.NavigationTest - Login page email entered
2020-12-04 03:11:33.317 [TestNG-test=Test-1] DEBUG e2e_tests.NavigationTest - Login page password entered
2020-12-04 03:11:40.220 [TestNG-test=Test-1] DEBUG e2e_tests.NavigationTest - Login page login button clicked
2020-12-04 03:11:40.227 [TestNG-test=Test-1] INFO  e2e_tests.NavigationTest - Tearing down driver...
2020-12-04 03:11:43.208 [TestNG-test=Test-1] DEBUG e2e_tests.NavigationTest - Driver torn down
2020-12-04 03:11:48.491 [TestNG-test=Test-2] DEBUG e2e_tests.ValidationTest - Landing page login button clicked
2020-12-04 03:11:48.491 [TestNG-test=Test-2] INFO  e2e_tests.ValidationTest - Carrying out validation to check "Create an Account" link is displayed...
2020-12-04 03:11:49.388 [TestNG-test=Test-2] INFO  e2e_tests.ValidationTest - Tearing down driver...
2020-12-04 03:11:50.968 [TestNG-test=Test-2] DEBUG e2e_tests.ValidationTest - Driver torn down
2020-12-04 08:14:23.332 [TestNG-test=Test-1] INFO  e2e_tests.NavigationTest - Initialising driver...
2020-12-04 08:14:23.332 [TestNG-test=Test-2] INFO  e2e_tests.ValidationTest - Initialising driver...
2020-12-04 08:14:38.351 [TestNG-test=Test-1] DEBUG e2e_tests.NavigationTest - Driver initialised
2020-12-04 08:14:40.852 [TestNG-test=Test-2] DEBUG e2e_tests.ValidationTest - Driver initialised
2020-12-04 08:14:43.092 [TestNG-test=Test-1] INFO  e2e_tests.NavigationTest - Opening landing page...
2020-12-04 08:14:43.098 [TestNG-test=Test-2] INFO  e2e_tests.ValidationTest - Opening landing page...
2020-12-04 08:15:14.985 [TestNG-test=Test-1] DEBUG e2e_tests.NavigationTest - Landing page opened
2020-12-04 08:15:15.009 [TestNG-test=Test-1] INFO  e2e_tests.NavigationTest - Waiting three seconds for landing page login button...
2020-12-04 08:15:54.094 [TestNG-test=Test-1] DEBUG e2e_tests.NavigationTest - Landing page login button clicked
2020-12-04 08:15:54.894 [TestNG-test=Test-1] DEBUG e2e_tests.NavigationTest - Login page email entered
2020-12-04 08:15:55.495 [TestNG-test=Test-1] DEBUG e2e_tests.NavigationTest - Login page password entered
2020-12-04 08:16:02.201 [TestNG-test=Test-1] DEBUG e2e_tests.NavigationTest - Login page login button clicked
2020-12-04 08:16:02.223 [TestNG-test=Test-1] INFO  e2e_tests.NavigationTest - Tearing down driver...
2020-12-04 08:16:11.775 [TestNG-test=Test-2] DEBUG e2e_tests.ValidationTest - Landing page opened
2020-12-04 08:16:11.785 [TestNG-test=Test-2] INFO  e2e_tests.ValidationTest - Waiting three seconds for landing page login button...
2020-12-04 08:16:12.758 [TestNG-test=Test-1] DEBUG e2e_tests.NavigationTest - Driver torn down
2020-12-04 08:16:12.760 [TestNG-test=Test-1] INFO  e2e_tests.NavigationTest - Initialising driver...
2020-12-04 08:16:14.795 [TestNG-test=Test-2] INFO  e2e_tests.ValidationTest - Carrying out validation on text in course heading...
2020-12-04 08:16:23.310 [TestNG-test=Test-1] DEBUG e2e_tests.NavigationTest - Driver initialised
2020-12-04 08:16:23.313 [TestNG-test=Test-1] INFO  e2e_tests.NavigationTest - Opening landing page...
2020-12-04 08:18:21.544 [TestNG-test=Test-1] DEBUG e2e_tests.NavigationTest - Landing page opened
2020-12-04 08:18:21.546 [TestNG-test=Test-1] INFO  e2e_tests.NavigationTest - Waiting three seconds for landing page login button...
2020-12-04 08:19:39.375 [TestNG-test=Test-1] DEBUG e2e_tests.NavigationTest - Landing page login button clicked
2020-12-04 08:19:40.160 [TestNG-test=Test-1] DEBUG e2e_tests.NavigationTest - Login page email entered
2020-12-04 08:19:40.799 [TestNG-test=Test-1] DEBUG e2e_tests.NavigationTest - Login page password entered
2020-12-04 08:19:44.660 [TestNG-test=Test-1] DEBUG e2e_tests.NavigationTest - Login page login button clicked
2020-12-04 08:19:44.663 [TestNG-test=Test-1] INFO  e2e_tests.NavigationTest - Tearing down driver...
2020-12-04 08:19:49.818 [TestNG-test=Test-2] DEBUG e2e_tests.ValidationTest - Landing page login button clicked
2020-12-04 08:19:49.819 [TestNG-test=Test-2] INFO  e2e_tests.ValidationTest - Carrying out validation to check "Create an Account" link is displayed...
2020-12-04 08:19:51.336 [TestNG-test=Test-2] INFO  e2e_tests.ValidationTest - Tearing down driver...
2020-12-04 08:19:51.933 [TestNG-test=Test-1] DEBUG e2e_tests.NavigationTest - Driver torn down
2020-12-04 08:19:53.262 [TestNG-test=Test-2] DEBUG e2e_tests.ValidationTest - Driver torn down
2020-12-04 08:25:26.286 [TestNG-test=Test-1] INFO  e2e_tests.NavigationTest - Initialising driver...
2020-12-04 08:25:26.277 [TestNG-test=Test-2] INFO  e2e_tests.ValidationTest - Initialising driver...
2020-12-04 08:25:38.350 [TestNG-test=Test-1] DEBUG e2e_tests.NavigationTest - Driver initialised
2020-12-04 08:25:38.567 [TestNG-test=Test-2] DEBUG e2e_tests.ValidationTest - Driver initialised
2020-12-04 08:25:41.128 [TestNG-test=Test-1] INFO  e2e_tests.NavigationTest - Opening landing page...
2020-12-04 08:25:41.128 [TestNG-test=Test-2] INFO  e2e_tests.ValidationTest - Opening landing page...
2020-12-04 08:25:52.780 [TestNG-test=Test-2] DEBUG e2e_tests.ValidationTest - Landing page opened
2020-12-04 08:25:52.810 [TestNG-test=Test-2] INFO  e2e_tests.ValidationTest - Waiting three seconds for landing page login button...
2020-12-04 08:25:53.815 [TestNG-test=Test-1] DEBUG e2e_tests.NavigationTest - Landing page opened
2020-12-04 08:25:53.816 [TestNG-test=Test-1] INFO  e2e_tests.NavigationTest - Waiting three seconds for landing page login button...
2020-12-04 08:25:55.844 [TestNG-test=Test-2] INFO  e2e_tests.ValidationTest - Carrying out validation on text in course heading...
2020-12-04 08:26:09.184 [TestNG-test=Test-2] DEBUG e2e_tests.ValidationTest - Landing page login button clicked
2020-12-04 08:26:09.185 [TestNG-test=Test-2] INFO  e2e_tests.ValidationTest - Carrying out validation to check "Create an Account" link is displayed...
2020-12-04 08:26:09.620 [TestNG-test=Test-1] DEBUG e2e_tests.NavigationTest - Landing page login button clicked
2020-12-04 08:26:11.549 [TestNG-test=Test-2] INFO  e2e_tests.ValidationTest - Tearing down driver...
2020-12-04 08:26:12.135 [TestNG-test=Test-1] DEBUG e2e_tests.NavigationTest - Login page email entered
2020-12-04 08:26:12.639 [TestNG-test=Test-2] DEBUG e2e_tests.ValidationTest - Driver torn down
2020-12-04 08:26:12.760 [TestNG-test=Test-1] DEBUG e2e_tests.NavigationTest - Login page password entered
2020-12-04 08:26:16.622 [TestNG-test=Test-1] DEBUG e2e_tests.NavigationTest - Login page login button clicked
2020-12-04 08:26:16.625 [TestNG-test=Test-1] INFO  e2e_tests.NavigationTest - Tearing down driver...
2020-12-04 08:26:17.509 [TestNG-test=Test-1] DEBUG e2e_tests.NavigationTest - Driver torn down
2020-12-04 08:26:17.511 [TestNG-test=Test-1] INFO  e2e_tests.NavigationTest - Initialising driver...
2020-12-04 08:26:22.166 [TestNG-test=Test-1] DEBUG e2e_tests.NavigationTest - Driver initialised
2020-12-04 08:26:22.177 [TestNG-test=Test-1] INFO  e2e_tests.NavigationTest - Opening landing page...
2020-12-04 08:26:28.316 [TestNG-test=Test-1] DEBUG e2e_tests.NavigationTest - Landing page opened
2020-12-04 08:26:28.316 [TestNG-test=Test-1] INFO  e2e_tests.NavigationTest - Waiting three seconds for landing page login button...
2020-12-04 08:26:38.476 [TestNG-test=Test-1] DEBUG e2e_tests.NavigationTest - Landing page login button clicked
2020-12-04 08:26:40.048 [TestNG-test=Test-1] DEBUG e2e_tests.NavigationTest - Login page email entered
2020-12-04 08:26:40.387 [TestNG-test=Test-1] DEBUG e2e_tests.NavigationTest - Login page password entered
2020-12-04 08:26:42.304 [TestNG-test=Test-1] DEBUG e2e_tests.NavigationTest - Login page login button clicked
2020-12-04 08:26:42.307 [TestNG-test=Test-1] INFO  e2e_tests.NavigationTest - Tearing down driver...
2020-12-04 08:26:43.191 [TestNG-test=Test-1] DEBUG e2e_tests.NavigationTest - Driver torn down
2020-12-04 09:06:46.900 [TestNG-test=Test-2] INFO  e2e_tests.ValidationTest - Initialising driver...
2020-12-04 09:06:46.901 [TestNG-test=Test-1] INFO  e2e_tests.NavigationTest - Initialising driver...
2020-12-04 09:06:58.391 [TestNG-test=Test-2] DEBUG e2e_tests.ValidationTest - Driver initialised
2020-12-04 09:06:58.622 [TestNG-test=Test-1] DEBUG e2e_tests.NavigationTest - Driver initialised
2020-12-04 09:07:01.213 [TestNG-test=Test-1] INFO  e2e_tests.NavigationTest - Opening landing page...
2020-12-04 09:07:01.225 [TestNG-test=Test-2] INFO  e2e_tests.ValidationTest - Opening landing page...
2020-12-04 09:07:14.534 [TestNG-test=Test-2] DEBUG e2e_tests.ValidationTest - Landing page opened
2020-12-04 09:07:14.634 [TestNG-test=Test-2] INFO  e2e_tests.ValidationTest - Waiting three seconds for landing page login button...
2020-12-04 09:07:16.414 [TestNG-test=Test-1] DEBUG e2e_tests.NavigationTest - Landing page opened
2020-12-04 09:07:16.415 [TestNG-test=Test-1] INFO  e2e_tests.NavigationTest - Waiting three seconds for landing page login button...
2020-12-04 09:07:17.695 [TestNG-test=Test-2] INFO  e2e_tests.ValidationTest - Carrying out validation on text in course heading...
2020-12-04 09:07:29.081 [TestNG-test=Test-2] DEBUG e2e_tests.ValidationTest - Landing page login button clicked
2020-12-04 09:07:29.082 [TestNG-test=Test-2] INFO  e2e_tests.ValidationTest - Carrying out validation to check "Create an Account" link is displayed...
2020-12-04 09:07:29.467 [TestNG-test=Test-1] DEBUG e2e_tests.NavigationTest - Landing page login button clicked
2020-12-04 09:07:31.447 [TestNG-test=Test-2] INFO  e2e_tests.ValidationTest - Tearing down driver...
2020-12-04 09:07:31.783 [TestNG-test=Test-1] DEBUG e2e_tests.NavigationTest - Login page email entered
2020-12-04 09:07:32.310 [TestNG-test=Test-1] DEBUG e2e_tests.NavigationTest - Login page password entered
2020-12-04 09:07:33.048 [TestNG-test=Test-2] DEBUG e2e_tests.ValidationTest - Driver torn down
2020-12-04 09:07:37.180 [TestNG-test=Test-1] DEBUG e2e_tests.NavigationTest - Login page login button clicked
2020-12-04 09:07:37.183 [TestNG-test=Test-1] INFO  e2e_tests.NavigationTest - Tearing down driver...
2020-12-04 09:07:38.077 [TestNG-test=Test-1] DEBUG e2e_tests.NavigationTest - Driver torn down
2020-12-04 09:07:38.079 [TestNG-test=Test-1] INFO  e2e_tests.NavigationTest - Initialising driver...
2020-12-04 09:07:42.194 [TestNG-test=Test-1] DEBUG e2e_tests.NavigationTest - Driver initialised
2020-12-04 09:07:42.200 [TestNG-test=Test-1] INFO  e2e_tests.NavigationTest - Opening landing page...
2020-12-04 09:07:50.583 [TestNG-test=Test-1] DEBUG e2e_tests.NavigationTest - Landing page opened
2020-12-04 09:07:50.583 [TestNG-test=Test-1] INFO  e2e_tests.NavigationTest - Waiting three seconds for landing page login button...
2020-12-04 09:08:00.812 [TestNG-test=Test-1] DEBUG e2e_tests.NavigationTest - Landing page login button clicked
2020-12-04 09:08:01.857 [TestNG-test=Test-1] DEBUG e2e_tests.NavigationTest - Login page email entered
2020-12-04 09:08:02.188 [TestNG-test=Test-1] DEBUG e2e_tests.NavigationTest - Login page password entered
2020-12-04 09:08:03.432 [TestNG-test=Test-1] DEBUG e2e_tests.NavigationTest - Login page login button clicked
2020-12-04 09:08:03.435 [TestNG-test=Test-1] INFO  e2e_tests.NavigationTest - Tearing down driver...
2020-12-04 09:08:04.306 [TestNG-test=Test-1] DEBUG e2e_tests.NavigationTest - Driver torn down
2020-12-04 16:08:58.151 [TestNG-test=Test-1] INFO  e2e_tests.NavigationTest - Initialising driver...
2020-12-04 16:08:58.126 [TestNG-test=Test-2] INFO  e2e_tests.ValidationTest - Initialising driver...
2020-12-04 16:09:11.869 [TestNG-test=Test-1] DEBUG e2e_tests.NavigationTest - Driver initialised
2020-12-04 16:09:13.189 [TestNG-test=Test-1] INFO  e2e_tests.NavigationTest - Opening landing page...
2020-12-04 16:09:18.613 [TestNG-test=Test-2] DEBUG e2e_tests.ValidationTest - Driver initialised
2020-12-04 16:09:18.617 [TestNG-test=Test-2] INFO  e2e_tests.ValidationTest - Opening landing page...
2020-12-04 16:09:36.772 [TestNG-test=Test-1] DEBUG e2e_tests.NavigationTest - Landing page opened
2020-12-04 16:09:36.799 [TestNG-test=Test-1] INFO  e2e_tests.NavigationTest - Waiting three seconds for landing page login button...
2020-12-04 16:12:15.366 [TestNG-test=Test-1] INFO  e2e_tests.NavigationTest - Initialising driver...
2020-12-04 16:12:15.366 [TestNG-test=Test-2] INFO  e2e_tests.ValidationTest - Initialising driver...
2020-12-04 16:12:25.785 [TestNG-test=Test-2] DEBUG e2e_tests.ValidationTest - Driver initialised
2020-12-04 16:12:25.927 [TestNG-test=Test-1] DEBUG e2e_tests.NavigationTest - Driver initialised
2020-12-04 16:12:28.384 [TestNG-test=Test-1] INFO  e2e_tests.NavigationTest - Opening landing page...
2020-12-04 16:12:28.384 [TestNG-test=Test-2] INFO  e2e_tests.ValidationTest - Opening landing page...
2020-12-04 16:12:55.239 [TestNG-test=Test-1] DEBUG e2e_tests.NavigationTest - Landing page opened
2020-12-04 16:12:55.261 [TestNG-test=Test-1] INFO  e2e_tests.NavigationTest - Waiting three seconds for landing page login button...
2020-12-04 16:12:58.545 [TestNG-test=Test-2] DEBUG e2e_tests.ValidationTest - Landing page opened
2020-12-04 16:12:58.556 [TestNG-test=Test-2] INFO  e2e_tests.ValidationTest - Waiting three seconds for landing page login button...
2020-12-04 16:13:08.559 [TestNG-test=Test-2] INFO  e2e_tests.ValidationTest - Carrying out validation on text in course heading...
2020-12-04 16:13:16.117 [TestNG-test=Test-1] DEBUG e2e_tests.NavigationTest - Landing page login button clicked
2020-12-04 16:13:18.343 [TestNG-test=Test-2] DEBUG e2e_tests.ValidationTest - Landing page login button clicked
2020-12-04 16:13:18.344 [TestNG-test=Test-2] INFO  e2e_tests.ValidationTest - Carrying out validation to check "Create an Account" link is displayed...
2020-12-04 16:13:18.571 [TestNG-test=Test-1] DEBUG e2e_tests.NavigationTest - Login page email entered
2020-12-04 16:13:20.134 [TestNG-test=Test-1] DEBUG e2e_tests.NavigationTest - Login page password entered
2020-12-04 16:13:20.374 [TestNG-test=Test-2] INFO  e2e_tests.ValidationTest - Tearing down driver...
2020-12-04 16:13:21.745 [TestNG-test=Test-2] DEBUG e2e_tests.ValidationTest - Driver torn down
2020-12-04 16:13:23.957 [TestNG-test=Test-1] DEBUG e2e_tests.NavigationTest - Login page login button clicked
2020-12-04 16:13:23.960 [TestNG-test=Test-1] INFO  e2e_tests.NavigationTest - Tearing down driver...
2020-12-04 16:13:24.799 [TestNG-test=Test-1] DEBUG e2e_tests.NavigationTest - Driver torn down
2020-12-04 16:13:24.801 [TestNG-test=Test-1] INFO  e2e_tests.NavigationTest - Initialising driver...
2020-12-04 16:13:30.182 [TestNG-test=Test-1] DEBUG e2e_tests.NavigationTest - Driver initialised
2020-12-04 16:13:30.182 [TestNG-test=Test-1] INFO  e2e_tests.NavigationTest - Opening landing page...
2020-12-04 16:13:55.242 [TestNG-test=Test-1] DEBUG e2e_tests.NavigationTest - Landing page opened
2020-12-04 16:13:55.242 [TestNG-test=Test-1] INFO  e2e_tests.NavigationTest - Waiting three seconds for landing page login button...
2020-12-04 16:14:12.719 [TestNG-test=Test-1] DEBUG e2e_tests.NavigationTest - Landing page login button clicked
2020-12-04 16:14:13.774 [TestNG-test=Test-1] DEBUG e2e_tests.NavigationTest - Login page email entered
2020-12-04 16:14:14.159 [TestNG-test=Test-1] DEBUG e2e_tests.NavigationTest - Login page password entered
2020-12-04 16:14:16.454 [TestNG-test=Test-1] DEBUG e2e_tests.NavigationTest - Login page login button clicked
2020-12-04 16:14:16.456 [TestNG-test=Test-1] INFO  e2e_tests.NavigationTest - Tearing down driver...
2020-12-04 16:14:17.438 [TestNG-test=Test-1] DEBUG e2e_tests.NavigationTest - Driver torn down
2020-12-04 17:26:25.762 [TestNG-test=Test-2] INFO  e2e_tests.ValidationTest - Initialising driver...
2020-12-04 17:26:25.762 [TestNG-test=Test-1] INFO  e2e_tests.NavigationTest - Initialising driver...
2020-12-04 17:26:37.920 [TestNG-test=Test-2] DEBUG e2e_tests.ValidationTest - Driver initialised
2020-12-04 17:26:40.247 [TestNG-test=Test-2] INFO  e2e_tests.ValidationTest - Opening landing page...
2020-12-04 17:27:04.078 [TestNG-test=Test-2] DEBUG e2e_tests.ValidationTest - Landing page opened
2020-12-04 17:27:04.128 [TestNG-test=Test-2] INFO  e2e_tests.ValidationTest - Waiting three seconds for landing page login button...
2020-12-04 17:27:05.829 [TestNG-test=Test-1] DEBUG e2e_tests.NavigationTest - Driver initialised
2020-12-04 17:27:05.834 [TestNG-test=Test-1] INFO  e2e_tests.NavigationTest - Opening landing page...
2020-12-04 17:27:14.129 [TestNG-test=Test-2] INFO  e2e_tests.ValidationTest - Carrying out validation on text in course heading...
2020-12-04 17:28:15.322 [TestNG-test=Test-2] DEBUG e2e_tests.ValidationTest - Landing page login button clicked
2020-12-04 17:28:15.322 [TestNG-test=Test-2] INFO  e2e_tests.ValidationTest - Carrying out validation to check "Create an Account" link is displayed...
2020-12-04 17:28:16.547 [TestNG-test=Test-2] INFO  e2e_tests.ValidationTest - Tearing down driver...
2020-12-04 17:28:25.017 [TestNG-test=Test-1] DEBUG e2e_tests.NavigationTest - Landing page opened
2020-12-04 17:28:25.018 [TestNG-test=Test-1] INFO  e2e_tests.NavigationTest - Waiting three seconds for landing page login button...
2020-12-04 17:28:25.035 [TestNG-test=Test-2] DEBUG e2e_tests.ValidationTest - Driver torn down
2020-12-04 17:28:44.051 [TestNG-test=Test-1] DEBUG e2e_tests.NavigationTest - Landing page login button clicked
2020-12-04 17:28:44.615 [TestNG-test=Test-1] DEBUG e2e_tests.NavigationTest - Login page email entered
2020-12-04 17:28:45.173 [TestNG-test=Test-1] DEBUG e2e_tests.NavigationTest - Login page password entered
2020-12-04 17:28:49.028 [TestNG-test=Test-1] DEBUG e2e_tests.NavigationTest - Login page login button clicked
2020-12-04 17:28:49.031 [TestNG-test=Test-1] INFO  e2e_tests.NavigationTest - Tearing down driver...
2020-12-04 17:28:50.732 [TestNG-test=Test-1] DEBUG e2e_tests.NavigationTest - Driver torn down
2020-12-04 17:28:50.732 [TestNG-test=Test-1] INFO  e2e_tests.NavigationTest - Initialising driver...
2020-12-04 17:28:55.894 [TestNG-test=Test-1] DEBUG e2e_tests.NavigationTest - Driver initialised
2020-12-04 17:28:55.903 [TestNG-test=Test-1] INFO  e2e_tests.NavigationTest - Opening landing page...
2020-12-04 17:29:13.616 [TestNG-test=Test-1] DEBUG e2e_tests.NavigationTest - Landing page opened
2020-12-04 17:29:13.617 [TestNG-test=Test-1] INFO  e2e_tests.NavigationTest - Waiting three seconds for landing page login button...
2020-12-04 17:29:46.237 [TestNG-test=Test-1] DEBUG e2e_tests.NavigationTest - Landing page login button clicked
2020-12-04 17:29:46.798 [TestNG-test=Test-1] DEBUG e2e_tests.NavigationTest - Login page email entered
2020-12-04 17:29:47.379 [TestNG-test=Test-1] DEBUG e2e_tests.NavigationTest - Login page password entered
2020-12-04 17:29:50.573 [TestNG-test=Test-1] DEBUG e2e_tests.NavigationTest - Login page login button clicked
2020-12-04 17:29:50.576 [TestNG-test=Test-1] INFO  e2e_tests.NavigationTest - Tearing down driver...
2020-12-04 17:29:52.592 [TestNG-test=Test-1] DEBUG e2e_tests.NavigationTest - Driver torn down
2021-01-04 23:20:13.411 [TestNG-test=Test-1] INFO  e2e_tests.NavigationTest - Initialising driver...
2021-01-04 23:20:13.411 [TestNG-test=Test-2] INFO  e2e_tests.ValidationTest - Initialising driver...
2021-01-05 00:11:18.109 [TestNG-test=Test-1] INFO  e2e_tests.NavigationTest - Initialising driver...
2021-01-05 00:11:18.109 [TestNG-test=Test-2] INFO  e2e_tests.ValidationTest - Initialising driver...
2021-01-05 00:14:51.645 [TestNG-test=Test-2] INFO  e2e_tests.ValidationTest - Initialising driver...
2021-01-05 00:14:51.704 [TestNG-test=Test-1] INFO  e2e_tests.NavigationTest - Initialising driver...
2021-01-05 00:15:04.170 [TestNG-test=Test-2] DEBUG e2e_tests.ValidationTest - Driver initialised
2021-01-05 00:15:08.004 [TestNG-test=Test-2] INFO  e2e_tests.ValidationTest - Opening landing page...
2021-01-05 00:15:08.031 [TestNG-test=Test-1] DEBUG e2e_tests.NavigationTest - Driver initialised
2021-01-05 00:15:08.035 [TestNG-test=Test-1] INFO  e2e_tests.NavigationTest - Opening landing page...
2021-01-05 00:15:37.439 [TestNG-test=Test-1] DEBUG e2e_tests.NavigationTest - Landing page opened
2021-01-05 00:15:37.482 [TestNG-test=Test-1] INFO  e2e_tests.NavigationTest - Waiting three seconds for landing page login button...
2021-01-05 00:16:01.318 [TestNG-test=Test-1] DEBUG e2e_tests.NavigationTest - Landing page login button clicked
2021-01-05 00:16:01.908 [TestNG-test=Test-1] DEBUG e2e_tests.NavigationTest - Login page email entered
2021-01-05 00:16:02.568 [TestNG-test=Test-1] DEBUG e2e_tests.NavigationTest - Login page password entered
2021-01-05 00:16:16.509 [TestNG-test=Test-1] DEBUG e2e_tests.NavigationTest - Login page login button clicked
2021-01-05 00:16:16.537 [TestNG-test=Test-1] INFO  e2e_tests.NavigationTest - Tearing down driver...
2021-01-05 00:16:33.172 [TestNG-test=Test-2] DEBUG e2e_tests.ValidationTest - Landing page opened
2021-01-05 00:16:33.182 [TestNG-test=Test-2] INFO  e2e_tests.ValidationTest - Waiting three seconds for landing page login button...
2021-01-05 00:16:36.184 [TestNG-test=Test-2] INFO  e2e_tests.ValidationTest - Carrying out validation on text in course heading...
2021-01-05 00:16:36.411 [TestNG-test=Test-1] DEBUG e2e_tests.NavigationTest - Driver torn down
2021-01-05 00:16:36.413 [TestNG-test=Test-1] INFO  e2e_tests.NavigationTest - Initialising driver...
2021-01-05 00:17:04.473 [TestNG-test=Test-1] DEBUG e2e_tests.NavigationTest - Driver initialised
2021-01-05 00:17:04.476 [TestNG-test=Test-1] INFO  e2e_tests.NavigationTest - Opening landing page...
2021-01-05 00:17:26.656 [TestNG-test=Test-2] DEBUG e2e_tests.ValidationTest - Landing page login button clicked
2021-01-05 00:17:26.657 [TestNG-test=Test-2] INFO  e2e_tests.ValidationTest - Carrying out validation to check "Create an Account" link is displayed...
2021-01-05 00:17:53.028 [TestNG-test=Test-2] INFO  e2e_tests.ValidationTest - Tearing down driver...
2021-01-05 00:17:56.274 [TestNG-test=Test-2] DEBUG e2e_tests.ValidationTest - Driver torn down
2021-01-05 00:18:59.506 [TestNG-test=Test-1] DEBUG e2e_tests.NavigationTest - Landing page opened
2021-01-05 00:18:59.507 [TestNG-test=Test-1] INFO  e2e_tests.NavigationTest - Waiting three seconds for landing page login button...
2021-01-05 00:45:49.111 [TestNG-test=Test-1] INFO  e2e_tests.NavigationTest - Initialising driver...
2021-01-05 00:45:49.110 [TestNG-test=Test-2] INFO  e2e_tests.ValidationTest - Initialising driver...
2021-01-05 00:46:07.307 [TestNG-test=Test-1] DEBUG e2e_tests.NavigationTest - Driver initialised
2021-01-05 00:46:10.304 [TestNG-test=Test-1] INFO  e2e_tests.NavigationTest - Opening landing page...
2021-01-05 00:46:14.386 [TestNG-test=Test-2] DEBUG e2e_tests.ValidationTest - Driver initialised
2021-01-05 00:46:14.390 [TestNG-test=Test-2] INFO  e2e_tests.ValidationTest - Opening landing page...
2021-01-05 00:47:13.012 [TestNG-test=Test-1] DEBUG e2e_tests.NavigationTest - Landing page opened
2021-01-05 00:47:13.033 [TestNG-test=Test-1] INFO  e2e_tests.NavigationTest - Waiting three seconds for landing page login button...
2021-01-05 00:47:14.424 [TestNG-test=Test-2] DEBUG e2e_tests.ValidationTest - Landing page opened
2021-01-05 00:47:14.434 [TestNG-test=Test-2] INFO  e2e_tests.ValidationTest - Waiting three seconds for landing page login button...
2021-01-05 00:47:17.436 [TestNG-test=Test-2] INFO  e2e_tests.ValidationTest - Carrying out validation on text in course heading...
2021-01-05 00:47:58.810 [TestNG-test=Test-1] DEBUG e2e_tests.NavigationTest - Landing page login button clicked
2021-01-05 00:48:00.591 [TestNG-test=Test-1] DEBUG e2e_tests.NavigationTest - Login page email entered
2021-01-05 00:48:00.806 [TestNG-test=Test-2] DEBUG e2e_tests.ValidationTest - Landing page login button clicked
2021-01-05 00:48:00.806 [TestNG-test=Test-2] INFO  e2e_tests.ValidationTest - Carrying out validation to check "Create an Account" link is displayed...
2021-01-05 00:48:01.679 [TestNG-test=Test-1] DEBUG e2e_tests.NavigationTest - Login page password entered
2021-01-05 00:48:03.511 [TestNG-test=Test-1] DEBUG e2e_tests.NavigationTest - Login page login button clicked
2021-01-05 00:48:03.514 [TestNG-test=Test-1] INFO  e2e_tests.NavigationTest - Tearing down driver...
2021-01-05 00:48:05.061 [TestNG-test=Test-1] DEBUG e2e_tests.NavigationTest - Driver torn down
2021-01-05 00:48:05.063 [TestNG-test=Test-1] INFO  e2e_tests.NavigationTest - Initialising driver...
2021-01-05 00:48:17.891 [TestNG-test=Test-1] DEBUG e2e_tests.NavigationTest - Driver initialised
2021-01-05 00:48:17.895 [TestNG-test=Test-1] INFO  e2e_tests.NavigationTest - Opening landing page...
2021-01-05 00:48:31.156 [TestNG-test=Test-1] DEBUG e2e_tests.NavigationTest - Landing page opened
2021-01-05 00:48:31.157 [TestNG-test=Test-1] INFO  e2e_tests.NavigationTest - Waiting three seconds for landing page login button...
2021-01-05 00:49:07.242 [TestNG-test=Test-1] DEBUG e2e_tests.NavigationTest - Landing page login button clicked
2021-01-05 00:49:08.911 [TestNG-test=Test-1] DEBUG e2e_tests.NavigationTest - Login page email entered
2021-01-05 00:49:09.340 [TestNG-test=Test-1] DEBUG e2e_tests.NavigationTest - Login page password entered
2021-01-05 00:49:11.008 [TestNG-test=Test-1] DEBUG e2e_tests.NavigationTest - Login page login button clicked
2021-01-05 00:49:11.011 [TestNG-test=Test-1] INFO  e2e_tests.NavigationTest - Tearing down driver...
2021-01-05 00:49:12.524 [TestNG-test=Test-1] DEBUG e2e_tests.NavigationTest - Driver torn down
2021-01-05 00:54:15.526 [TestNG-test=Test-1] INFO  e2e_tests.NavigationTest - Initialising driver...
2021-01-05 00:54:15.526 [TestNG-test=Test-2] INFO  e2e_tests.ValidationTest - Initialising driver...
2021-01-05 01:01:53.917 [TestNG-test=Test-2] INFO  e2e_tests.ValidationTest - Initialising driver...
2021-01-05 01:01:53.955 [TestNG-test=Test-1] INFO  e2e_tests.NavigationTest - Initialising driver...
2021-01-05 01:02:04.206 [TestNG-test=Test-1] DEBUG e2e_tests.NavigationTest - Driver initialised
2021-01-05 01:02:05.080 [TestNG-test=Test-2] DEBUG e2e_tests.ValidationTest - Driver initialised
2021-01-05 01:02:07.145 [TestNG-test=Test-1] INFO  e2e_tests.NavigationTest - Opening landing page...
2021-01-05 01:02:07.145 [TestNG-test=Test-2] INFO  e2e_tests.ValidationTest - Opening landing page...
2021-01-05 01:02:21.519 [TestNG-test=Test-1] DEBUG e2e_tests.NavigationTest - Landing page opened
2021-01-05 01:02:21.581 [TestNG-test=Test-1] INFO  e2e_tests.NavigationTest - Waiting three seconds for landing page login button...
2021-01-05 01:02:21.840 [TestNG-test=Test-2] DEBUG e2e_tests.ValidationTest - Landing page opened
2021-01-05 01:02:21.851 [TestNG-test=Test-2] INFO  e2e_tests.ValidationTest - Waiting three seconds for landing page login button...
2021-01-05 01:02:24.860 [TestNG-test=Test-2] INFO  e2e_tests.ValidationTest - Carrying out validation on text in course heading...
2021-01-05 01:02:35.102 [TestNG-test=Test-1] DEBUG e2e_tests.NavigationTest - Landing page login button clicked
2021-01-05 01:02:35.102 [TestNG-test=Test-2] DEBUG e2e_tests.ValidationTest - Landing page login button clicked
2021-01-05 01:02:35.103 [TestNG-test=Test-2] INFO  e2e_tests.ValidationTest - Carrying out validation to check "Create an Account" link is displayed...
2021-01-05 01:02:36.996 [TestNG-test=Test-2] INFO  e2e_tests.ValidationTest - Tearing down driver...
2021-01-05 01:02:37.529 [TestNG-test=Test-1] DEBUG e2e_tests.NavigationTest - Login page email entered
2021-01-05 01:02:37.911 [TestNG-test=Test-1] DEBUG e2e_tests.NavigationTest - Login page password entered
2021-01-05 01:02:38.282 [TestNG-test=Test-2] DEBUG e2e_tests.ValidationTest - Driver torn down
2021-01-05 01:02:39.147 [TestNG-test=Test-1] DEBUG e2e_tests.NavigationTest - Login page login button clicked
2021-01-05 01:02:39.150 [TestNG-test=Test-1] INFO  e2e_tests.NavigationTest - Tearing down driver...
2021-01-05 01:02:40.398 [TestNG-test=Test-1] DEBUG e2e_tests.NavigationTest - Driver torn down
2021-01-05 01:02:40.400 [TestNG-test=Test-1] INFO  e2e_tests.NavigationTest - Initialising driver...
2021-01-05 01:02:47.135 [TestNG-test=Test-1] DEBUG e2e_tests.NavigationTest - Driver initialised
2021-01-05 01:02:47.139 [TestNG-test=Test-1] INFO  e2e_tests.NavigationTest - Opening landing page...
2021-01-05 01:02:53.272 [TestNG-test=Test-1] DEBUG e2e_tests.NavigationTest - Landing page opened
2021-01-05 01:02:53.273 [TestNG-test=Test-1] INFO  e2e_tests.NavigationTest - Waiting three seconds for landing page login button...
2021-01-05 01:03:02.568 [TestNG-test=Test-1] DEBUG e2e_tests.NavigationTest - Landing page login button clicked
2021-01-05 01:03:04.264 [TestNG-test=Test-1] DEBUG e2e_tests.NavigationTest - Login page email entered
2021-01-05 01:03:04.725 [TestNG-test=Test-1] DEBUG e2e_tests.NavigationTest - Login page password entered
2021-01-05 01:03:07.450 [TestNG-test=Test-1] DEBUG e2e_tests.NavigationTest - Login page login button clicked
2021-01-05 01:03:07.454 [TestNG-test=Test-1] INFO  e2e_tests.NavigationTest - Tearing down driver...
2021-01-05 01:03:08.366 [TestNG-test=Test-1] DEBUG e2e_tests.NavigationTest - Driver torn down
2021-01-05 01:38:37.694 [TestNG-test=Test-1] INFO  e2e_tests.NavigationTest - Initialising driver...
2021-01-05 01:38:37.694 [TestNG-test=Test-2] INFO  e2e_tests.ValidationTest - Initialising driver...
2021-01-05 01:38:46.602 [TestNG-test=Test-2] DEBUG e2e_tests.ValidationTest - Driver initialised
2021-01-05 01:38:48.234 [TestNG-test=Test-2] INFO  e2e_tests.ValidationTest - Opening landing page...
2021-01-05 01:38:52.724 [TestNG-test=Test-1] DEBUG e2e_tests.NavigationTest - Driver initialised
2021-01-05 01:38:52.728 [TestNG-test=Test-1] INFO  e2e_tests.NavigationTest - Opening landing page...
2021-01-05 01:39:03.348 [TestNG-test=Test-2] DEBUG e2e_tests.ValidationTest - Landing page opened
2021-01-05 01:39:03.395 [TestNG-test=Test-2] INFO  e2e_tests.ValidationTest - Waiting three seconds for landing page login button...
2021-01-05 01:39:05.337 [TestNG-test=Test-1] DEBUG e2e_tests.NavigationTest - Landing page opened
2021-01-05 01:39:05.338 [TestNG-test=Test-1] INFO  e2e_tests.NavigationTest - Waiting three seconds for landing page login button...
2021-01-05 01:39:06.409 [TestNG-test=Test-2] INFO  e2e_tests.ValidationTest - Carrying out validation on text in course heading...
2021-01-05 01:39:17.820 [TestNG-test=Test-2] DEBUG e2e_tests.ValidationTest - Landing page login button clicked
2021-01-05 01:39:17.821 [TestNG-test=Test-2] INFO  e2e_tests.ValidationTest - Carrying out validation to check "Create an Account" link is displayed...
2021-01-05 01:39:18.019 [TestNG-test=Test-1] DEBUG e2e_tests.NavigationTest - Landing page login button clicked
2021-01-05 01:39:20.354 [TestNG-test=Test-1] DEBUG e2e_tests.NavigationTest - Login page email entered
2021-01-05 01:39:20.995 [TestNG-test=Test-2] DEBUG e2e_tests.ValidationTest - Login page email entered
2021-01-05 01:39:21.343 [TestNG-test=Test-1] DEBUG e2e_tests.NavigationTest - Login page password entered
2021-01-05 01:39:21.725 [TestNG-test=Test-2] DEBUG e2e_tests.ValidationTest - Login page password entered
2021-01-05 01:39:23.298 [TestNG-test=Test-1] DEBUG e2e_tests.NavigationTest - Login page login button clicked
2021-01-05 01:39:23.321 [TestNG-test=Test-1] INFO  e2e_tests.NavigationTest - Tearing down driver...
2021-01-05 01:39:25.203 [TestNG-test=Test-2] DEBUG e2e_tests.ValidationTest - Login page login button clicked
2021-01-05 01:39:25.207 [TestNG-test=Test-2] INFO  e2e_tests.ValidationTest - Tearing down driver...
2021-01-05 01:39:25.805 [TestNG-test=Test-1] DEBUG e2e_tests.NavigationTest - Driver torn down
2021-01-05 01:39:25.811 [TestNG-test=Test-1] INFO  e2e_tests.NavigationTest - Initialising driver...
2021-01-05 01:39:26.216 [TestNG-test=Test-2] DEBUG e2e_tests.ValidationTest - Driver torn down
2021-01-05 01:39:30.764 [TestNG-test=Test-1] DEBUG e2e_tests.NavigationTest - Driver initialised
2021-01-05 01:39:30.767 [TestNG-test=Test-1] INFO  e2e_tests.NavigationTest - Opening landing page...
2021-01-05 01:39:37.158 [TestNG-test=Test-1] DEBUG e2e_tests.NavigationTest - Landing page opened
2021-01-05 01:39:37.158 [TestNG-test=Test-1] INFO  e2e_tests.NavigationTest - Waiting three seconds for landing page login button...
2021-01-05 01:39:46.694 [TestNG-test=Test-1] DEBUG e2e_tests.NavigationTest - Landing page login button clicked
2021-01-05 01:39:48.442 [TestNG-test=Test-1] DEBUG e2e_tests.NavigationTest - Login page email entered
2021-01-05 01:39:49.505 [TestNG-test=Test-1] DEBUG e2e_tests.NavigationTest - Login page password entered
2021-01-05 01:39:51.783 [TestNG-test=Test-1] DEBUG e2e_tests.NavigationTest - Login page login button clicked
2021-01-05 01:39:51.785 [TestNG-test=Test-1] INFO  e2e_tests.NavigationTest - Tearing down driver...
2021-01-05 01:39:52.792 [TestNG-test=Test-1] DEBUG e2e_tests.NavigationTest - Driver torn down
2021-01-05 01:40:57.259 [TestNG-test=Test-2] INFO  e2e_tests.ValidationTest - Initialising driver...
2021-01-05 01:40:57.249 [TestNG-test=Test-1] INFO  e2e_tests.NavigationTest - Initialising driver...
2021-01-05 01:41:11.047 [TestNG-test=Test-2] DEBUG e2e_tests.ValidationTest - Driver initialised
2021-01-05 01:41:14.102 [TestNG-test=Test-2] INFO  e2e_tests.ValidationTest - Opening landing page...
2021-01-05 01:41:38.240 [TestNG-test=Test-2] DEBUG e2e_tests.ValidationTest - Landing page opened
2021-01-05 01:41:38.311 [TestNG-test=Test-2] INFO  e2e_tests.ValidationTest - Waiting three seconds for landing page login button...
2021-01-05 01:41:41.322 [TestNG-test=Test-2] INFO  e2e_tests.ValidationTest - Carrying out validation on text in course heading...
2021-01-05 01:42:01.443 [TestNG-test=Test-1] DEBUG e2e_tests.NavigationTest - Driver initialised
2021-01-05 01:42:01.450 [TestNG-test=Test-1] INFO  e2e_tests.NavigationTest - Opening landing page...
2021-01-05 01:42:24.654 [TestNG-test=Test-2] DEBUG e2e_tests.ValidationTest - Landing page login button clicked
2021-01-05 01:42:24.655 [TestNG-test=Test-2] INFO  e2e_tests.ValidationTest - Carrying out validation to check "Create an Account" link is displayed...
2021-01-05 01:42:25.928 [TestNG-test=Test-2] DEBUG e2e_tests.ValidationTest - Login page email entered
2021-01-05 01:42:26.569 [TestNG-test=Test-2] DEBUG e2e_tests.ValidationTest - Login page password entered
2021-01-05 01:42:35.966 [TestNG-test=Test-2] DEBUG e2e_tests.ValidationTest - Login page login button clicked
2021-01-05 01:42:35.990 [TestNG-test=Test-2] INFO  e2e_tests.ValidationTest - Tearing down driver...
2021-01-05 01:42:44.761 [TestNG-test=Test-1] DEBUG e2e_tests.NavigationTest - Landing page opened
2021-01-05 01:42:44.761 [TestNG-test=Test-1] INFO  e2e_tests.NavigationTest - Waiting three seconds for landing page login button...
2021-01-05 01:42:45.339 [TestNG-test=Test-2] DEBUG e2e_tests.ValidationTest - Driver torn down
2021-01-05 01:43:04.173 [TestNG-test=Test-1] DEBUG e2e_tests.NavigationTest - Landing page login button clicked
2021-01-05 01:43:04.707 [TestNG-test=Test-1] DEBUG e2e_tests.NavigationTest - Login page email entered
2021-01-05 01:43:05.150 [TestNG-test=Test-1] DEBUG e2e_tests.NavigationTest - Login page password entered
2021-01-05 01:43:09.164 [TestNG-test=Test-1] DEBUG e2e_tests.NavigationTest - Login page login button clicked
2021-01-05 01:43:09.168 [TestNG-test=Test-1] INFO  e2e_tests.NavigationTest - Tearing down driver...
2021-01-05 01:43:10.798 [TestNG-test=Test-1] DEBUG e2e_tests.NavigationTest - Driver torn down
2021-01-05 01:43:10.801 [TestNG-test=Test-1] INFO  e2e_tests.NavigationTest - Initialising driver...
2021-01-05 01:43:19.155 [TestNG-test=Test-1] DEBUG e2e_tests.NavigationTest - Driver initialised
2021-01-05 01:43:19.158 [TestNG-test=Test-1] INFO  e2e_tests.NavigationTest - Opening landing page...
2021-01-05 01:43:36.560 [TestNG-test=Test-1] DEBUG e2e_tests.NavigationTest - Landing page opened
2021-01-05 01:43:36.561 [TestNG-test=Test-1] INFO  e2e_tests.NavigationTest - Waiting three seconds for landing page login button...
2021-01-05 01:43:51.031 [TestNG-test=Test-1] DEBUG e2e_tests.NavigationTest - Landing page login button clicked
2021-01-05 01:43:51.568 [TestNG-test=Test-1] DEBUG e2e_tests.NavigationTest - Login page email entered
2021-01-05 01:43:51.990 [TestNG-test=Test-1] DEBUG e2e_tests.NavigationTest - Login page password entered
2021-01-05 01:43:56.045 [TestNG-test=Test-1] DEBUG e2e_tests.NavigationTest - Login page login button clicked
2021-01-05 01:43:56.048 [TestNG-test=Test-1] INFO  e2e_tests.NavigationTest - Tearing down driver...
2021-01-05 01:43:57.719 [TestNG-test=Test-1] DEBUG e2e_tests.NavigationTest - Driver torn down
2021-01-05 01:46:42.795 [TestNG-test=Test-1] INFO  e2e_tests.NavigationTest - Initialising driver...
2021-01-05 01:46:42.783 [TestNG-test=Test-2] INFO  e2e_tests.ValidationTest - Initialising driver...
2021-01-05 01:50:21.723 [TestNG-test=Test-2] INFO  e2e_tests.ValidationTest - Initialising driver...
2021-01-05 01:50:21.723 [TestNG-test=Test-1] INFO  e2e_tests.NavigationTest - Initialising driver...
2021-01-05 01:50:33.435 [TestNG-test=Test-2] DEBUG e2e_tests.ValidationTest - Driver initialised
